{"level":"info","ts":1774001275.593246,"caller":"ebpf/loader.go:213","msg":"DEBUG SENDING TO CORRELATION","comm":"rsbpd","pid":71399}
{"level":"info","ts":1774001275.5932813,"caller":"ebpf/loader.go:213","msg":"DEBUG SENDING TO CORRELATION","comm":"rsbpd","pid":71399}
{"level":"info","ts":1774001275.593292,"caller":"ebpf/loader.go:213","msg":"DEBUG SENDING TO CORRELATION","comm":"rsbpd","pid":71399}
{"level":"info","ts":1774001275.5932999,"caller":"ebpf/loader.go:213","msg":"DEBUG SENDING TO CORRELATION","comm":"rsbpd","pid":71399}
{"level":"info","ts":1774001275.593317,"caller":"ebpf/loader.go:213","msg":"DEBUG SENDING TO CORRELATION","comm":"rsbpd","pid":71399}
{"level":"info","ts":1774001275.593325,"caller":"ebpf/loader.go:213","msg":"DEBUG SENDING TO CORRELATION","comm":"rsbpd","pid":71399}
{"level":"info","ts":1774001275.5933352,"caller":"ebpf/loader.go:213","msg":"DEBUG SENDING TO CORRELATION","comm":"rsbpd","pid":71399}
{"level":"info","ts":1774001275.5933433,"caller":"ebpf/loader.go:213","msg":"DEBUG SENDING TO CORRELATION","comm":"rsbpd","pid":71399}
{"level":"info","ts":1774001275.5933511,"caller":"ebpf/loader.go:213","msg":"DEBUG SENDING TO CORRELATION","comm":"rsbpd","pid":71399}
{"level":"info","ts":1774001275.593371,"caller":"ebpf/loader.go:213","msg":"DEBUG SENDING TO CORRELATION","comm":"rsbpd","pid":71399}
{"level":"info","ts":1774001276.269864,"caller":"ebpf/loader.go:213","msg":"DEBUG SENDING TO CORRELATION","comm":"node","pid":837}
{"level":"info","ts":1774001276.2706304,"caller":"ebpf/loader.go:213","msg":"DEBUG SENDING TO CORRELATION","comm":"node","pid":71413}
{"level":"info","ts":1774001276.2706625,"caller":"ebpf/loader.go:213","msg":"DEBUG SENDING TO CORRELATION","comm":"node","pid":71413}
{"level":"info","ts":1774001276.2706919,"caller":"ebpf/loader.go:213","msg":"DEBUG SENDING TO CORRELATION","comm":"node","pid":71413}
{"level":"info","ts":1774001276.270703,"caller":"ebpf/loader.go:213","msg":"DEBUG SENDING TO CORRELATION","comm":"node","pid":71413}
{"level":"info","ts":1774001276.2707186,"caller":"ebpf/loader.go:213","msg":"DEBUG SENDING TO CORRELATION","comm":"node","pid":71413}
{"level":"info","ts":1774001276.2711616,"caller":"ebpf/loader.go:213","msg":"DEBUG SENDING TO CORRELATION","comm":"sh","pid":71413}
{"level":"info","ts":1774001276.272237,"caller":"ebpf/loader.go:213","msg":"DEBUG SENDING TO CORRELATION","comm":"sh","pid":71414}
{"level":"info","ts":1774001276.2723444,"caller":"ebpf/loader.go:213","msg":"DEBUG SENDING TO CORRELATION","comm":"which","pid":71414}
{"level":"info","ts":1774001276.2732499,"caller":"ebpf/loader.go:213","msg":"DEBUG SENDING TO CORRELATION","comm":"node","pid":837}
{"level":"info","ts":1774001276.2736437,"caller":"ebpf/loader.go:213","msg":"DEBUG SENDING TO CORRELATION","comm":"node","pid":71415}
{"level":"info","ts":1774001276.2736645,"caller":"ebpf/loader.go:213","msg":"DEBUG SENDING TO CORRELATION","comm":"node","pid":71415}
{"level":"info","ts":1774001276.2736804,"caller":"ebpf/loader.go:213","msg":"DEBUG SENDING TO CORRELATION","comm":"node","pid":71415}
{"level":"info","ts":1774001276.2737036,"caller":"ebpf/loader.go:213","msg":"DEBUG SENDING TO CORRELATION","comm":"node","pid":71415}
{"level":"info","ts":1774001276.273752,"caller":"ebpf/loader.go:213","msg":"DEBUG SENDING TO CORRELATION","comm":"node","pid":71415}
{"level":"info","ts":1774001276.2740242,"caller":"ebpf/loader.go:213","msg":"DEBUG SENDING TO CORRELATION","comm":"sh","pid":71415}
{"level":"info","ts":1774001276.2743065,"caller":"ebpf/loader.go:213","msg":"DEBUG SENDING TO CORRELATION","comm":"sh","pid":71416}
{"level":"info","ts":1774001276.2744045,"caller":"ebpf/loader.go:213","msg":"DEBUG SENDING TO CORRELATION","comm":"ps","pid":71416}
{"level":"info","ts":1774001276.2801929,"caller":"ebpf/loader.go:213","msg":"DEBUG SENDING TO CORRELATION","comm":"node","pid":837}
{"level":"info","ts":1774001276.280658,"caller":"ebpf/loader.go:213","msg":"DEBUG SENDING TO CORRELATION","comm":"node","pid":71417}
{"level":"info","ts":1774001276.2806873,"caller":"ebpf/loader.go:213","msg":"DEBUG SENDING TO CORRELATION","comm":"node","pid":71417}
{"level":"info","ts":1774001276.2807002,"caller":"ebpf/loader.go:213","msg":"DEBUG SENDING TO CORRELATION","comm":"node","pid":71417}
{"level":"info","ts":1774001276.280708,"caller":"ebpf/loader.go:213","msg":"DEBUG SENDING TO CORRELATION","comm":"node","pid":71417}
{"level":"info","ts":1774001276.2807174,"caller":"ebpf/loader.go:213","msg":"DEBUG SENDING TO CORRELATION","comm":"node","pid":71417}
{"level":"info","ts":1774001276.2810416,"caller":"ebpf/loader.go:213","msg":"DEBUG SENDING TO CORRELATION","comm":"sh","pid":71417}
{"level":"info","ts":1774001276.2818472,"caller":"ebpf/loader.go:213","msg":"DEBUG SENDING TO CORRELATION","comm":"sh","pid":71418}
{"level":"info","ts":1774001276.281962,"caller":"ebpf/loader.go:213","msg":"DEBUG SENDING TO CORRELATION","comm":"cpuusage.sh","pid":71418}
{"level":"info","ts":1774001276.2832503,"caller":"ebpf/loader.go:213","msg":"DEBUG SENDING TO CORRELATION","comm":"cpuusage.sh","pid":71418}
{"level":"info","ts":1774001276.2833297,"caller":"ebpf/loader.go:213","msg":"DEBUG SENDING TO CORRELATION","comm":"cpuusage.sh","pid":71418}
{"level":"info","ts":1774001276.2835565,"caller":"ebpf/loader.go:213","msg":"DEBUG SENDING TO CORRELATION","comm":"cpuusage.sh","pid":71419}
{"level":"info","ts":1774001276.2838213,"caller":"ebpf/loader.go:213","msg":"DEBUG SENDING TO CORRELATION","comm":"cpuusage.sh","pid":71419}
{"level":"info","ts":1774001276.2839677,"caller":"ebpf/loader.go:213","msg":"DEBUG SENDING TO CORRELATION","comm":"sed","pid":71419}
{"level":"info","ts":1774001276.2848127,"caller":"ebpf/loader.go:213","msg":"DEBUG SENDING TO CORRELATION","comm":"cpuusage.sh","pid":71418}
{"level":"info","ts":1774001276.2850533,"caller":"ebpf/loader.go:213","msg":"DEBUG SENDING TO CORRELATION","comm":"cpuusage.sh","pid":71420}
{"level":"info","ts":1774001276.2853112,"caller":"ebpf/loader.go:213","msg":"DEBUG SENDING TO CORRELATION","comm":"cpuusage.sh","pid":71420}
{"level":"info","ts":1774001276.2854497,"caller":"ebpf/loader.go:213","msg":"DEBUG SENDING TO CORRELATION","comm":"cat","pid":71420}
{"level":"info","ts":1774001276.285921,"caller":"ebpf/loader.go:213","msg":"DEBUG SENDING TO CORRELATION","comm":"cpuusage.sh","pid":71418}
{"level":"info","ts":1774001276.2860916,"caller":"ebpf/loader.go:213","msg":"DEBUG SENDING TO CORRELATION","comm":"cpuusage.sh","pid":71421}
{"level":"info","ts":1774001276.2863312,"caller":"ebpf/loader.go:213","msg":"DEBUG SENDING TO CORRELATION","comm":"cpuusage.sh","pid":71421}
{"level":"info","ts":1774001276.2864606,"caller":"ebpf/loader.go:213","msg":"DEBUG SENDING TO CORRELATION","comm":"cat","pid":71421}
{"level":"info","ts":1774001276.286908,"caller":"ebpf/loader.go:213","msg":"DEBUG SENDING TO CORRELATION","comm":"cpuusage.sh","pid":71418}
{"level":"info","ts":1774001276.2870824,"caller":"ebpf/loader.go:213","msg":"DEBUG SENDING TO CORRELATION","comm":"cpuusage.sh","pid":71422}
{"level":"info","ts":1774001276.287312,"caller":"ebpf/loader.go:213","msg":"DEBUG SENDING TO CORRELATION","comm":"cpuusage.sh","pid":71422}
{"level":"info","ts":1774001276.2874491,"caller":"ebpf/loader.go:213","msg":"DEBUG SENDING TO CORRELATION","comm":"cat","pid":71422}
{"level":"info","ts":1774001276.2878747,"caller":"ebpf/loader.go:213","msg":"DEBUG SENDING TO CORRELATION","comm":"cpuusage.sh","pid":71418}
{"level":"info","ts":1774001276.288009,"caller":"ebpf/loader.go:213","msg":"DEBUG SENDING TO CORRELATION","comm":"cpuusage.sh","pid":71423}
{"level":"info","ts":1774001276.2882445,"caller":"ebpf/loader.go:213","msg":"DEBUG SENDING TO CORRELATION","comm":"cpuusage.sh","pid":71423}
{"level":"info","ts":1774001276.2883687,"caller":"ebpf/loader.go:213","msg":"DEBUG SENDING TO CORRELATION","comm":"cat","pid":71423}
{"level":"info","ts":1774001276.2888293,"caller":"ebpf/loader.go:213","msg":"DEBUG SENDING TO CORRELATION","comm":"cpuusage.sh","pid":71418}
{"level":"info","ts":1774001276.288976,"caller":"ebpf/loader.go:213","msg":"DEBUG SENDING TO CORRELATION","comm":"cpuusage.sh","pid":71424}
{"level":"info","ts":1774001276.289217,"caller":"ebpf/loader.go:213","msg":"DEBUG SENDING TO CORRELATION","comm":"cpuusage.sh","pid":71424}
{"level":"info","ts":1774001276.2893393,"caller":"ebpf/loader.go:213","msg":"DEBUG SENDING TO CORRELATION","comm":"cat","pid":71424}
{"level":"info","ts":1774001276.2898176,"caller":"ebpf/loader.go:213","msg":"DEBUG SENDING TO CORRELATION","comm":"cpuusage.sh","pid":71418}
{"level":"info","ts":1774001276.2899766,"caller":"ebpf/loader.go:213","msg":"DEBUG SENDING TO CORRELATION","comm":"cpuusage.sh","pid":71425}
{"level":"info","ts":1774001276.290198,"caller":"ebpf/loader.go:213","msg":"DEBUG SENDING TO CORRELATION","comm":"cpuusage.sh","pid":71425}
{"level":"info","ts":1774001276.2903523,"caller":"ebpf/loader.go:213","msg":"DEBUG SENDING TO CORRELATION","comm":"cat","pid":71425}
{"level":"info","ts":1774001276.291259,"caller":"ebpf/loader.go:213","msg":"DEBUG SENDING TO CORRELATION","comm":"cpuusage.sh","pid":71426}
{"level":"info","ts":1774001276.291467,"caller":"ebpf/loader.go:213","msg":"DEBUG SENDING TO CORRELATION","comm":"sleep","pid":71426}
{"level":"info","ts":1774001276.536403,"caller":"ebpf/loader.go:213","msg":"DEBUG SENDING TO CORRELATION","comm":"node","pid":892}
{"level":"info","ts":1774001276.5386558,"caller":"ebpf/loader.go:213","msg":"DEBUG SENDING TO CORRELATION","comm":"node","pid":71427}
{"level":"info","ts":1774001276.5386786,"caller":"ebpf/loader.go:213","msg":"DEBUG SENDING TO CORRELATION","comm":"node","pid":71427}
{"level":"info","ts":1774001276.5386872,"caller":"ebpf/loader.go:213","msg":"DEBUG SENDING TO CORRELATION","comm":"node","pid":71427}
{"level":"info","ts":1774001276.5387003,"caller":"ebpf/loader.go:213","msg":"DEBUG SENDING TO CORRELATION","comm":"node","pid":71427}
{"level":"info","ts":1774001276.5387084,"caller":"ebpf/loader.go:213","msg":"DEBUG SENDING TO CORRELATION","comm":"node","pid":71427}
{"level":"info","ts":1774001276.5403788,"caller":"ebpf/loader.go:213","msg":"DEBUG SENDING TO CORRELATION","comm":"sh","pid":71427}
{"level":"info","ts":1774001276.541056,"caller":"ebpf/loader.go:213","msg":"DEBUG SENDING TO CORRELATION","comm":"sh","pid":71427}
{"level":"info","ts":1774001276.5412345,"caller":"ebpf/loader.go:213","msg":"DEBUG SENDING TO CORRELATION","comm":"sh","pid":71428}
{"level":"info","ts":1774001276.541256,"caller":"ebpf/loader.go:213","msg":"DEBUG SENDING TO CORRELATION","comm":"sh","pid":71429}
{"level":"info","ts":1774001276.5412724,"caller":"ebpf/loader.go:213","msg":"DEBUG SENDING TO CORRELATION","comm":"sh","pid":71429}
{"level":"info","ts":1774001276.5414073,"caller":"ebpf/loader.go:213","msg":"DEBUG SENDING TO CORRELATION","comm":"grep","pid":71429}
{"level":"info","ts":1774001276.5422263,"caller":"ebpf/loader.go:213","msg":"DEBUG SENDING TO CORRELATION","comm":"sh","pid":71428}
{"level":"info","ts":1774001276.5423799,"caller":"ebpf/loader.go:213","msg":"DEBUG SENDING TO CORRELATION","comm":"ls","pid":71428}
{"level":"info","ts":1774001276.5429454,"caller":"ebpf/loader.go:213","msg":"DEBUG SENDING TO CORRELATION","comm":"ls","pid":71428}
{"level":"info","ts":1774001276.542972,"caller":"ebpf/loader.go:213","msg":"DEBUG SENDING TO CORRELATION","comm":"ls","pid":71428}
{"level":"info","ts":1774001276.5429828,"caller":"ebpf/loader.go:213","msg":"DEBUG SENDING TO CORRELATION","comm":"ls","pid":71428}
{"level":"info","ts":1774001276.5429978,"caller":"ebpf/loader.go:213","msg":"DEBUG SENDING TO CORRELATION","comm":"ls","pid":71428}
{"level":"info","ts":1774001276.5430062,"caller":"ebpf/loader.go:213","msg":"DEBUG SENDING TO CORRELATION","comm":"ls","pid":71428}
{"level":"info","ts":1774001276.5430148,"caller":"ebpf/loader.go:213","msg":"DEBUG SENDING TO CORRELATION","comm":"ls","pid":71428}
{"level":"info","ts":1774001276.5430226,"caller":"ebpf/loader.go:213","msg":"DEBUG SENDING TO CORRELATION","comm":"ls","pid":71428}
{"level":"info","ts":1774001276.5430295,"caller":"ebpf/loader.go:213","msg":"DEBUG SENDING TO CORRELATION","comm":"ls","pid":71428}
{"level":"info","ts":1774001276.543039,"caller":"ebpf/loader.go:213","msg":"DEBUG SENDING TO CORRELATION","comm":"ls","pid":71428}
{"level":"info","ts":1774001276.5430477,"caller":"ebpf/loader.go:213","msg":"DEBUG SENDING TO CORRELATION","comm":"ls","pid":71428}
{"level":"info","ts":1774001276.5430565,"caller":"ebpf/loader.go:213","msg":"DEBUG SENDING TO CORRELATION","comm":"ls","pid":71428}
{"level":"info","ts":1774001276.5430703,"caller":"ebpf/loader.go:213","msg":"DEBUG SENDING TO CORRELATION","comm":"ls","pid":71428}
{"level":"info","ts":1774001276.562111,"caller":"ebpf/loader.go:213","msg":"DEBUG SENDING TO CORRELATION","comm":"node","pid":892}
{"level":"info","ts":1774001276.564797,"caller":"ebpf/loader.go:213","msg":"DEBUG SENDING TO CORRELATION","comm":"node","pid":71430}
{"level":"info","ts":1774001276.5648417,"caller":"ebpf/loader.go:213","msg":"DEBUG SENDING TO CORRELATION","comm":"node","pid":71430}
{"level":"info","ts":1774001276.5648544,"caller":"ebpf/loader.go:213","msg":"DEBUG SENDING TO CORRELATION","comm":"node","pid":71430}
{"level":"info","ts":1774001276.5648623,"caller":"ebpf/loader.go:213","msg":"DEBUG SENDING TO CORRELATION","comm":"node","pid":71430}
{"level":"info","ts":1774001276.564877,"caller":"ebpf/loader.go:213","msg":"DEBUG SENDING TO CORRELATION","comm":"node","pid":71430}
{"level":"info","ts":1774001277.2927814,"caller":"ebpf/loader.go:213","msg":"DEBUG SENDING TO CORRELATION","comm":"cpuusage.sh","pid":71418}
{"level":"info","ts":1774001277.2931325,"caller":"ebpf/loader.go:213","msg":"DEBUG SENDING TO CORRELATION","comm":"cpuusage.sh","pid":71433}
{"level":"info","ts":1774001277.2939599,"caller":"ebpf/loader.go:213","msg":"DEBUG SENDING TO CORRELATION","comm":"cpuusage.sh","pid":71433}
{"level":"info","ts":1774001277.2942784,"caller":"ebpf/loader.go:213","msg":"DEBUG SENDING TO CORRELATION","comm":"sed","pid":71433}
{"level":"info","ts":1774001277.2957182,"caller":"ebpf/loader.go:213","msg":"DEBUG SENDING TO CORRELATION","comm":"cpuusage.sh","pid":71418}
{"level":"info","ts":1774001277.2959473,"caller":"ebpf/loader.go:213","msg":"DEBUG SENDING TO CORRELATION","comm":"cpuusage.sh","pid":71434}
{"level":"info","ts":1774001277.2963126,"caller":"ebpf/loader.go:213","msg":"DEBUG SENDING TO CORRELATION","comm":"cpuusage.sh","pid":71434}
{"level":"info","ts":1774001277.2965286,"caller":"ebpf/loader.go:213","msg":"DEBUG SENDING TO CORRELATION","comm":"cat","pid":71434}
{"level":"info","ts":1774001277.2970653,"caller":"ebpf/loader.go:213","msg":"DEBUG SENDING TO CORRELATION","comm":"cpuusage.sh","pid":71418}
{"level":"info","ts":1774001277.2972546,"caller":"ebpf/loader.go:213","msg":"DEBUG SENDING TO CORRELATION","comm":"cpuusage.sh","pid":71435}
{"level":"info","ts":1774001277.2975736,"caller":"ebpf/loader.go:213","msg":"DEBUG SENDING TO CORRELATION","comm":"cpuusage.sh","pid":71418}
{"level":"info","ts":1774001277.2977505,"caller":"ebpf/loader.go:213","msg":"DEBUG SENDING TO CORRELATION","comm":"cpuusage.sh","pid":71436}
{"level":"info","ts":1774001277.2980208,"caller":"ebpf/loader.go:213","msg":"DEBUG SENDING TO CORRELATION","comm":"cpuusage.sh","pid":71436}
{"level":"info","ts":1774001277.298164,"caller":"ebpf/loader.go:213","msg":"DEBUG SENDING TO CORRELATION","comm":"cat","pid":71436}
{"level":"info","ts":1774001277.2987742,"caller":"ebpf/loader.go:213","msg":"DEBUG SENDING TO CORRELATION","comm":"cpuusage.sh","pid":71418}
{"level":"info","ts":1774001277.298936,"caller":"ebpf/loader.go:213","msg":"DEBUG SENDING TO CORRELATION","comm":"cpuusage.sh","pid":71437}
{"level":"info","ts":1774001277.2992356,"caller":"ebpf/loader.go:213","msg":"DEBUG SENDING TO CORRELATION","comm":"cpuusage.sh","pid":71418}
{"level":"info","ts":1774001277.2993925,"caller":"ebpf/loader.go:213","msg":"DEBUG SENDING TO CORRELATION","comm":"cpuusage.sh","pid":71438}
{"level":"info","ts":1774001277.2997112,"caller":"ebpf/loader.go:213","msg":"DEBUG SENDING TO CORRELATION","comm":"cpuusage.sh","pid":71438}
{"level":"info","ts":1774001277.299837,"caller":"ebpf/loader.go:213","msg":"DEBUG SENDING TO CORRELATION","comm":"cat","pid":71438}
{"level":"info","ts":1774001277.300328,"caller":"ebpf/loader.go:213","msg":"DEBUG SENDING TO CORRELATION","comm":"cpuusage.sh","pid":71418}
{"level":"info","ts":1774001277.3005261,"caller":"ebpf/loader.go:213","msg":"DEBUG SENDING TO CORRELATION","comm":"cpuusage.sh","pid":71439}
{"level":"info","ts":1774001277.3008084,"caller":"ebpf/loader.go:213","msg":"DEBUG SENDING TO CORRELATION","comm":"cpuusage.sh","pid":71418}
{"level":"info","ts":1774001277.3009892,"caller":"ebpf/loader.go:213","msg":"DEBUG SENDING TO CORRELATION","comm":"cpuusage.sh","pid":71440}
{"level":"info","ts":1774001277.3012557,"caller":"ebpf/loader.go:213","msg":"DEBUG SENDING TO CORRELATION","comm":"cpuusage.sh","pid":71440}
{"level":"info","ts":1774001277.301401,"caller":"ebpf/loader.go:213","msg":"DEBUG SENDING TO CORRELATION","comm":"cat","pid":71440}
{"level":"info","ts":1774001277.301988,"caller":"ebpf/loader.go:213","msg":"DEBUG SENDING TO CORRELATION","comm":"cpuusage.sh","pid":71418}
{"level":"info","ts":1774001277.3021433,"caller":"ebpf/loader.go:213","msg":"DEBUG SENDING TO CORRELATION","comm":"cpuusage.sh","pid":71441}
{"level":"info","ts":1774001277.3024259,"caller":"ebpf/loader.go:213","msg":"DEBUG SENDING TO CORRELATION","comm":"cpuusage.sh","pid":71418}
{"level":"info","ts":1774001277.3025837,"caller":"ebpf/loader.go:213","msg":"DEBUG SENDING TO CORRELATION","comm":"cpuusage.sh","pid":71442}
{"level":"info","ts":1774001277.3028698,"caller":"ebpf/loader.go:213","msg":"DEBUG SENDING TO CORRELATION","comm":"cpuusage.sh","pid":71442}
{"level":"info","ts":1774001277.3030088,"caller":"ebpf/loader.go:213","msg":"DEBUG SENDING TO CORRELATION","comm":"cat","pid":71442}
{"level":"info","ts":1774001277.3034794,"caller":"ebpf/loader.go:213","msg":"DEBUG SENDING TO CORRELATION","comm":"cpuusage.sh","pid":71418}
{"level":"info","ts":1774001277.3036346,"caller":"ebpf/loader.go:213","msg":"DEBUG SENDING TO CORRELATION","comm":"cpuusage.sh","pid":71443}
{"level":"info","ts":1774001277.3039124,"caller":"ebpf/loader.go:213","msg":"DEBUG SENDING TO CORRELATION","comm":"cpuusage.sh","pid":71418}
{"level":"info","ts":1774001277.3041573,"caller":"ebpf/loader.go:213","msg":"DEBUG SENDING TO CORRELATION","comm":"cpuusage.sh","pid":71444}
{"level":"info","ts":1774001277.3044548,"caller":"ebpf/loader.go:213","msg":"DEBUG SENDING TO CORRELATION","comm":"cpuusage.sh","pid":71444}
{"level":"info","ts":1774001277.3046348,"caller":"ebpf/loader.go:213","msg":"DEBUG SENDING TO CORRELATION","comm":"cat","pid":71444}
{"level":"info","ts":1774001277.3052895,"caller":"ebpf/loader.go:213","msg":"DEBUG SENDING TO CORRELATION","comm":"cpuusage.sh","pid":71418}
{"level":"info","ts":1774001277.3055294,"caller":"ebpf/loader.go:213","msg":"DEBUG SENDING TO CORRELATION","comm":"cpuusage.sh","pid":71445}
{"level":"info","ts":1774001278.2739923,"caller":"ebpf/loader.go:213","msg":"DEBUG SENDING TO CORRELATION","comm":"bash","pid":13257}
{"level":"info","ts":1774001278.2740412,"caller":"ebpf/loader.go:213","msg":"DEBUG SENDING TO CORRELATION","comm":"bash","pid":13257}
{"level":"info","ts":1774001278.2747257,"caller":"ebpf/loader.go:213","msg":"DEBUG SENDING TO CORRELATION","comm":"bash","pid":71447}
{"level":"info","ts":1774001278.2748117,"caller":"ebpf/loader.go:213","msg":"DEBUG SENDING TO CORRELATION","comm":"bash","pid":71446}
{"level":"info","ts":1774001278.2748294,"caller":"ebpf/loader.go:213","msg":"DEBUG SENDING TO CORRELATION","comm":"bash","pid":71446}
{"level":"info","ts":1774001278.274849,"caller":"ebpf/loader.go:213","msg":"DEBUG SENDING TO CORRELATION","comm":"bash","pid":71447}
{"level":"info","ts":1774001278.2751105,"caller":"ebpf/loader.go:213","msg":"DEBUG SENDING TO CORRELATION","comm":"sudo","pid":71447}
{"level":"info","ts":1774001278.2763538,"caller":"ebpf/loader.go:213","msg":"DEBUG SENDING TO CORRELATION","comm":"sudo","pid":71447}
{"level":"info","ts":1774001278.2763786,"caller":"ebpf/loader.go:213","msg":"DEBUG SENDING TO CORRELATION","comm":"sudo","pid":71447}
{"level":"info","ts":1774001278.2763891,"caller":"ebpf/loader.go:213","msg":"DEBUG SENDING TO CORRELATION","comm":"sudo","pid":71447}
{"level":"info","ts":1774001278.2763982,"caller":"ebpf/loader.go:213","msg":"DEBUG SENDING TO CORRELATION","comm":"sudo","pid":71447}
{"level":"info","ts":1774001278.2764096,"caller":"ebpf/loader.go:213","msg":"DEBUG SENDING TO CORRELATION","comm":"sudo","pid":71447}
{"level":"info","ts":1774001278.2764173,"caller":"ebpf/loader.go:213","msg":"DEBUG SENDING TO CORRELATION","comm":"sudo","pid":71447}
{"level":"info","ts":1774001278.2764387,"caller":"ebpf/loader.go:213","msg":"DEBUG SENDING TO CORRELATION","comm":"sudo","pid":71447}
{"level":"info","ts":1774001278.2764518,"caller":"ebpf/loader.go:213","msg":"DEBUG SENDING TO CORRELATION","comm":"sudo","pid":71447}
{"level":"info","ts":1774001278.2768872,"caller":"ebpf/loader.go:213","msg":"DEBUG SENDING TO CORRELATION","comm":"sudo","pid":71447}
{"level":"info","ts":1774001278.2770884,"caller":"ebpf/loader.go:213","msg":"DEBUG SENDING TO CORRELATION","comm":"sudo","pid":71447}
{"level":"info","ts":1774001278.277109,"caller":"ebpf/loader.go:213","msg":"DEBUG SENDING TO CORRELATION","comm":"sudo","pid":71447}
{"level":"info","ts":1774001278.2771273,"caller":"ebpf/loader.go:213","msg":"DEBUG SENDING TO CORRELATION","comm":"sudo","pid":71447}
{"level":"info","ts":1774001278.2771392,"caller":"ebpf/loader.go:213","msg":"DEBUG SENDING TO CORRELATION","comm":"sudo","pid":71447}
{"level":"info","ts":1774001278.2771497,"caller":"ebpf/loader.go:213","msg":"DEBUG SENDING TO CORRELATION","comm":"sudo","pid":71447}
{"level":"info","ts":1774001278.2771573,"caller":"ebpf/loader.go:213","msg":"DEBUG SENDING TO CORRELATION","comm":"sudo","pid":71447}
{"level":"info","ts":1774001278.2771668,"caller":"ebpf/loader.go:213","msg":"DEBUG SENDING TO CORRELATION","comm":"sudo","pid":71447}
{"level":"info","ts":1774001278.2771838,"caller":"ebpf/loader.go:213","msg":"DEBUG SENDING TO CORRELATION","comm":"sudo","pid":71447}
{"level":"info","ts":1774001278.2771974,"caller":"ebpf/loader.go:213","msg":"DEBUG SENDING TO CORRELATION","comm":"sudo","pid":71447}
{"level":"info","ts":1774001278.2772126,"caller":"ebpf/loader.go:213","msg":"DEBUG SENDING TO CORRELATION","comm":"sudo","pid":71447}
{"level":"info","ts":1774001278.277225,"caller":"ebpf/loader.go:213","msg":"DEBUG SENDING TO CORRELATION","comm":"sudo","pid":71447}
{"level":"info","ts":1774001278.2772417,"caller":"ebpf/loader.go:213","msg":"DEBUG SENDING TO CORRELATION","comm":"sudo","pid":71447}
{"level":"info","ts":1774001278.2818677,"caller":"ebpf/loader.go:213","msg":"DEBUG SENDING TO CORRELATION","comm":"sudo","pid":71447}
{"level":"info","ts":1774001278.281914,"caller":"ebpf/loader.go:213","msg":"DEBUG SENDING TO CORRELATION","comm":"sudo","pid":71447}
{"level":"info","ts":1774001278.2819638,"caller":"ebpf/loader.go:213","msg":"DEBUG SENDING TO CORRELATION","comm":"sudo","pid":71447}
{"level":"info","ts":1774001278.281976,"caller":"ebpf/loader.go:213","msg":"DEBUG SENDING TO CORRELATION","comm":"sudo","pid":71447}
{"level":"info","ts":1774001278.2820585,"caller":"ebpf/loader.go:213","msg":"DEBUG SENDING TO CORRELATION","comm":"sudo","pid":71447}
{"level":"info","ts":1774001278.2820916,"caller":"ebpf/loader.go:213","msg":"DEBUG SENDING TO CORRELATION","comm":"sudo","pid":71447}
{"level":"info","ts":1774001278.2821114,"caller":"ebpf/loader.go:213","msg":"DEBUG SENDING TO CORRELATION","comm":"sudo","pid":71447}
{"level":"info","ts":1774001278.282222,"caller":"ebpf/loader.go:213","msg":"DEBUG SENDING TO CORRELATION","comm":"sudo","pid":71447}
{"level":"info","ts":1774001278.2825804,"caller":"ebpf/loader.go:213","msg":"DEBUG SENDING TO CORRELATION","comm":"sudo","pid":71447}
{"level":"info","ts":1774001278.2826047,"caller":"ebpf/loader.go:213","msg":"DEBUG SENDING TO CORRELATION","comm":"sudo","pid":71447}
{"level":"info","ts":1774001278.2827497,"caller":"ebpf/loader.go:213","msg":"DEBUG SENDING TO CORRELATION","comm":"sudo","pid":71447}
{"level":"info","ts":1774001278.2827911,"caller":"ebpf/loader.go:213","msg":"DEBUG SENDING TO CORRELATION","comm":"sudo","pid":71447}
{"level":"info","ts":1774001278.2834163,"caller":"ebpf/loader.go:213","msg":"DEBUG SENDING TO CORRELATION","comm":"sudo","pid":71448}
{"level":"info","ts":1774001278.283453,"caller":"ebpf/loader.go:213","msg":"DEBUG SENDING TO CORRELATION","comm":"sudo","pid":71449}
{"level":"info","ts":1774001278.2834685,"caller":"ebpf/loader.go:213","msg":"DEBUG SENDING TO CORRELATION","comm":"sudo","pid":71449}
{"level":"info","ts":1774001278.2834878,"caller":"ebpf/loader.go:213","msg":"DEBUG SENDING TO CORRELATION","comm":"sudo","pid":71449}
{"level":"info","ts":1774001278.2835035,"caller":"ebpf/loader.go:213","msg":"DEBUG SENDING TO CORRELATION","comm":"sudo","pid":71449}
{"level":"info","ts":1774001278.2835195,"caller":"ebpf/loader.go:213","msg":"DEBUG SENDING TO CORRELATION","comm":"sudo","pid":71449}
{"level":"info","ts":1774001278.285406,"caller":"ebpf/loader.go:213","msg":"DEBUG SENDING TO CORRELATION","comm":"attack_sim.sh","pid":71449}
{"level":"info","ts":1774001278.2886472,"caller":"ebpf/loader.go:213","msg":"DEBUG SENDING TO CORRELATION","comm":"attack_sim.sh","pid":71449}
{"level":"info","ts":1774001278.289528,"caller":"ebpf/loader.go:213","msg":"DEBUG SENDING TO CORRELATION","comm":"attack_sim.sh","pid":71450}
{"level":"info","ts":1774001278.2895632,"caller":"ebpf/loader.go:213","msg":"DEBUG SENDING TO CORRELATION","comm":"attack_sim.sh","pid":71450}
{"level":"info","ts":1774001278.2897744,"caller":"ebpf/loader.go:213","msg":"DEBUG SENDING TO CORRELATION","comm":"timeout","pid":71450}
{"level":"info","ts":1774001278.2902756,"caller":"ebpf/loader.go:213","msg":"DEBUG SENDING TO CORRELATION","comm":"timeout","pid":71451}
{"level":"info","ts":1774001278.2903018,"caller":"ebpf/loader.go:213","msg":"DEBUG SENDING TO CORRELATION","comm":"timeout","pid":71451}
{"level":"info","ts":1774001278.29031,"caller":"ebpf/loader.go:213","msg":"DEBUG SENDING TO CORRELATION","comm":"timeout","pid":71451}
{"level":"info","ts":1774001278.2903206,"caller":"ebpf/loader.go:213","msg":"DEBUG SENDING TO CORRELATION","comm":"timeout","pid":71451}
{"level":"info","ts":1774001278.2903287,"caller":"ebpf/loader.go:213","msg":"DEBUG SENDING TO CORRELATION","comm":"timeout","pid":71451}
{"level":"info","ts":1774001278.290341,"caller":"ebpf/loader.go:213","msg":"DEBUG SENDING TO CORRELATION","comm":"timeout","pid":71451}
{"level":"info","ts":1774001278.2903488,"caller":"ebpf/loader.go:213","msg":"DEBUG SENDING TO CORRELATION","comm":"timeout","pid":71451}
{"level":"info","ts":1774001278.290464,"caller":"ebpf/loader.go:213","msg":"DEBUG SENDING TO CORRELATION","comm":"bash","pid":71451}
{"level":"info","ts":1774001278.29237,"caller":"ebpf/loader.go:213","msg":"DEBUG SENDING TO CORRELATION","comm":"bash","pid":71452}
{"level":"info","ts":1774001278.293327,"caller":"ebpf/loader.go:213","msg":"DEBUG SENDING TO CORRELATION","comm":"attack_sim.sh","pid":71453}
{"level":"info","ts":1774001278.2934723,"caller":"ebpf/loader.go:213","msg":"DEBUG SENDING TO CORRELATION","comm":"sleep","pid":71453}
{"level":"info","ts":1774001278.5783026,"caller":"ebpf/loader.go:213","msg":"DEBUG SENDING TO CORRELATION","comm":"node","pid":892}
{"level":"info","ts":1774001278.5817764,"caller":"ebpf/loader.go:213","msg":"DEBUG SENDING TO CORRELATION","comm":"node","pid":71454}
{"level":"info","ts":1774001278.581821,"caller":"ebpf/loader.go:213","msg":"DEBUG SENDING TO CORRELATION","comm":"node","pid":71454}
{"level":"info","ts":1774001278.5818398,"caller":"ebpf/loader.go:213","msg":"DEBUG SENDING TO CORRELATION","comm":"node","pid":71454}
{"level":"info","ts":1774001278.581854,"caller":"ebpf/loader.go:213","msg":"DEBUG SENDING TO CORRELATION","comm":"node","pid":71454}
{"level":"info","ts":1774001278.5818696,"caller":"ebpf/loader.go:213","msg":"DEBUG SENDING TO CORRELATION","comm":"node","pid":71454}
{"level":"info","ts":1774001278.5849798,"caller":"ebpf/loader.go:213","msg":"DEBUG SENDING TO CORRELATION","comm":"sh","pid":71454}
{"level":"info","ts":1774001278.5859828,"caller":"ebpf/loader.go:213","msg":"DEBUG SENDING TO CORRELATION","comm":"sh","pid":71454}
{"level":"info","ts":1774001278.5861318,"caller":"ebpf/loader.go:213","msg":"DEBUG SENDING TO CORRELATION","comm":"sh","pid":71455}
{"level":"info","ts":1774001278.586184,"caller":"ebpf/loader.go:213","msg":"DEBUG SENDING TO CORRELATION","comm":"sh","pid":71456}
{"level":"info","ts":1774001278.586208,"caller":"ebpf/loader.go:213","msg":"DEBUG SENDING TO CORRELATION","comm":"sh","pid":71456}
{"level":"info","ts":1774001278.5864213,"caller":"ebpf/loader.go:213","msg":"DEBUG SENDING TO CORRELATION","comm":"grep","pid":71456}
{"level":"info","ts":1774001278.5870247,"caller":"ebpf/loader.go:213","msg":"DEBUG SENDING TO CORRELATION","comm":"sh","pid":71455}
{"level":"info","ts":1774001278.5872707,"caller":"ebpf/loader.go:213","msg":"DEBUG SENDING TO CORRELATION","comm":"ls","pid":71455}
{"level":"info","ts":1774001278.5880656,"caller":"ebpf/loader.go:213","msg":"DEBUG SENDING TO CORRELATION","comm":"ls","pid":71455}
{"level":"info","ts":1774001278.5881176,"caller":"ebpf/loader.go:213","msg":"DEBUG SENDING TO CORRELATION","comm":"ls","pid":71455}
{"level":"info","ts":1774001278.5881326,"caller":"ebpf/loader.go:213","msg":"DEBUG SENDING TO CORRELATION","comm":"ls","pid":71455}
{"level":"info","ts":1774001278.5881488,"caller":"ebpf/loader.go:213","msg":"DEBUG SENDING TO CORRELATION","comm":"ls","pid":71455}
{"level":"info","ts":1774001278.588162,"caller":"ebpf/loader.go:213","msg":"DEBUG SENDING TO CORRELATION","comm":"ls","pid":71455}
{"level":"info","ts":1774001278.5881777,"caller":"ebpf/loader.go:213","msg":"DEBUG SENDING TO CORRELATION","comm":"ls","pid":71455}
{"level":"info","ts":1774001278.5881913,"caller":"ebpf/loader.go:213","msg":"DEBUG SENDING TO CORRELATION","comm":"ls","pid":71455}
{"level":"info","ts":1774001278.5882058,"caller":"ebpf/loader.go:213","msg":"DEBUG SENDING TO CORRELATION","comm":"ls","pid":71455}
{"level":"info","ts":1774001278.5882251,"caller":"ebpf/loader.go:213","msg":"DEBUG SENDING TO CORRELATION","comm":"ls","pid":71455}
{"level":"info","ts":1774001278.5882647,"caller":"ebpf/loader.go:213","msg":"DEBUG SENDING TO CORRELATION","comm":"ls","pid":71455}
{"level":"info","ts":1774001278.5882816,"caller":"ebpf/loader.go:213","msg":"DEBUG SENDING TO CORRELATION","comm":"ls","pid":71455}
{"level":"info","ts":1774001278.5882971,"caller":"ebpf/loader.go:213","msg":"DEBUG SENDING TO CORRELATION","comm":"ls","pid":71455}
{"level":"info","ts":1774001278.613665,"caller":"ebpf/loader.go:213","msg":"DEBUG SENDING TO CORRELATION","comm":"node","pid":892}
{"level":"info","ts":1774001278.6164393,"caller":"ebpf/loader.go:213","msg":"DEBUG SENDING TO CORRELATION","comm":"node","pid":71457}
{"level":"info","ts":1774001278.6164894,"caller":"ebpf/loader.go:213","msg":"DEBUG SENDING TO CORRELATION","comm":"node","pid":71457}
{"level":"info","ts":1774001278.6165056,"caller":"ebpf/loader.go:213","msg":"DEBUG SENDING TO CORRELATION","comm":"node","pid":71457}
{"level":"info","ts":1774001278.616526,"caller":"ebpf/loader.go:213","msg":"DEBUG SENDING TO CORRELATION","comm":"node","pid":71457}
{"level":"info","ts":1774001278.61654,"caller":"ebpf/loader.go:213","msg":"DEBUG SENDING TO CORRELATION","comm":"node","pid":71457}
{"level":"info","ts":1774001278.6192465,"caller":"ebpf/loader.go:213","msg":"DEBUG SENDING TO CORRELATION","comm":"sh","pid":71457}
{"level":"info","ts":1774001278.6203306,"caller":"ebpf/loader.go:213","msg":"DEBUG SENDING TO CORRELATION","comm":"sh","pid":71457}
{"level":"info","ts":1774001278.6205149,"caller":"ebpf/loader.go:213","msg":"DEBUG SENDING TO CORRELATION","comm":"sh","pid":71458}
{"level":"info","ts":1774001278.6205673,"caller":"ebpf/loader.go:213","msg":"DEBUG SENDING TO CORRELATION","comm":"sh","pid":71458}
{"level":"info","ts":1774001278.6205893,"caller":"ebpf/loader.go:213","msg":"DEBUG SENDING TO CORRELATION","comm":"sh","pid":71459}
{"level":"info","ts":1774001278.6206079,"caller":"ebpf/loader.go:213","msg":"DEBUG SENDING TO CORRELATION","comm":"sh","pid":71459}
{"level":"info","ts":1774001278.6207821,"caller":"ebpf/loader.go:213","msg":"DEBUG SENDING TO CORRELATION","comm":"grep","pid":71459}
{"level":"info","ts":1774001278.6208081,"caller":"ebpf/loader.go:213","msg":"DEBUG SENDING TO CORRELATION","comm":"ps","pid":71458}
{"level":"info","ts":1774001278.6233306,"caller":"ebpf/loader.go:213","msg":"DEBUG SENDING TO CORRELATION","comm":"ps","pid":71458}
{"level":"info","ts":1774001278.623375,"caller":"ebpf/loader.go:213","msg":"DEBUG SENDING TO CORRELATION","comm":"ps","pid":71458}
{"level":"info","ts":1774001278.623395,"caller":"ebpf/loader.go:213","msg":"DEBUG SENDING TO CORRELATION","comm":"ps","pid":71458}
{"level":"info","ts":1774001278.6234038,"caller":"ebpf/loader.go:213","msg":"DEBUG SENDING TO CORRELATION","comm":"ps","pid":71458}
{"level":"info","ts":1774001278.623414,"caller":"ebpf/loader.go:213","msg":"DEBUG SENDING TO CORRELATION","comm":"ps","pid":71458}
{"level":"info","ts":1774001278.6234224,"caller":"ebpf/loader.go:213","msg":"DEBUG SENDING TO CORRELATION","comm":"ps","pid":71458}
{"level":"info","ts":1774001278.7927504,"caller":"ebpf/loader.go:213","msg":"DEBUG SENDING TO CORRELATION","comm":"libuv-worker","pid":892}
{"level":"info","ts":1774001278.7927809,"caller":"ebpf/loader.go:213","msg":"DEBUG SENDING TO CORRELATION","comm":"libuv-worker","pid":892}
{"level":"info","ts":1774001278.7927952,"caller":"ebpf/loader.go:213","msg":"DEBUG SENDING TO CORRELATION","comm":"libuv-worker","pid":892}
{"level":"info","ts":1774001278.792806,"caller":"ebpf/loader.go:213","msg":"DEBUG SENDING TO CORRELATION","comm":"libuv-worker","pid":892}
{"level":"info","ts":1774001278.7928262,"caller":"ebpf/loader.go:213","msg":"DEBUG SENDING TO CORRELATION","comm":"libuv-worker","pid":892}
{"level":"info","ts":1774001278.795829,"caller":"ebpf/loader.go:213","msg":"DEBUG SENDING TO CORRELATION","comm":"node","pid":892}
{"level":"info","ts":1774001278.795878,"caller":"ebpf/loader.go:213","msg":"DEBUG SENDING TO CORRELATION","comm":"node","pid":892}
{"level":"info","ts":1774001278.795896,"caller":"ebpf/loader.go:213","msg":"DEBUG SENDING TO CORRELATION","comm":"node","pid":892}
{"level":"info","ts":1774001278.8262038,"caller":"ebpf/loader.go:213","msg":"DEBUG SENDING TO CORRELATION","comm":"libuv-worker","pid":892}
{"level":"info","ts":1774001278.8262403,"caller":"ebpf/loader.go:213","msg":"DEBUG SENDING TO CORRELATION","comm":"libuv-worker","pid":892}
{"level":"info","ts":1774001278.8262498,"caller":"ebpf/loader.go:213","msg":"DEBUG SENDING TO CORRELATION","comm":"libuv-worker","pid":892}
{"level":"info","ts":1774001278.8262608,"caller":"ebpf/loader.go:213","msg":"DEBUG SENDING TO CORRELATION","comm":"libuv-worker","pid":892}
{"level":"info","ts":1774001278.826269,"caller":"ebpf/loader.go:213","msg":"DEBUG SENDING TO CORRELATION","comm":"libuv-worker","pid":892}
{"level":"info","ts":1774001278.8286824,"caller":"ebpf/loader.go:213","msg":"DEBUG SENDING TO CORRELATION","comm":"node","pid":892}
{"level":"info","ts":1774001278.828719,"caller":"ebpf/loader.go:213","msg":"DEBUG SENDING TO CORRELATION","comm":"node","pid":892}
{"level":"info","ts":1774001278.8287277,"caller":"ebpf/loader.go:213","msg":"DEBUG SENDING TO CORRELATION","comm":"node","pid":892}
{"level":"info","ts":1774001279.295028,"caller":"ebpf/loader.go:213","msg":"DEBUG SENDING TO CORRELATION","comm":"attack_sim.sh","pid":71460}
{"level":"info","ts":1774001279.2950647,"caller":"ebpf/loader.go:213","msg":"DEBUG SENDING TO CORRELATION","comm":"attack_sim.sh","pid":71460}
{"level":"info","ts":1774001279.2951267,"caller":"ebpf/loader.go:213","msg":"DEBUG SENDING TO CORRELATION","comm":"timeout","pid":71460}
{"level":"info","ts":1774001279.295864,"caller":"ebpf/loader.go:213","msg":"DEBUG SENDING TO CORRELATION","comm":"timeout","pid":71461}
{"level":"info","ts":1774001279.295905,"caller":"ebpf/loader.go:213","msg":"DEBUG SENDING TO CORRELATION","comm":"timeout","pid":71461}
{"level":"info","ts":1774001279.2959173,"caller":"ebpf/loader.go:213","msg":"DEBUG SENDING TO CORRELATION","comm":"timeout","pid":71461}
{"level":"info","ts":1774001279.2959366,"caller":"ebpf/loader.go:213","msg":"DEBUG SENDING TO CORRELATION","comm":"timeout","pid":71461}
{"level":"info","ts":1774001279.2959526,"caller":"ebpf/loader.go:213","msg":"DEBUG SENDING TO CORRELATION","comm":"timeout","pid":71461}
{"level":"info","ts":1774001279.2959673,"caller":"ebpf/loader.go:213","msg":"DEBUG SENDING TO CORRELATION","comm":"timeout","pid":71461}
{"level":"info","ts":1774001279.2959807,"caller":"ebpf/loader.go:213","msg":"DEBUG SENDING TO CORRELATION","comm":"timeout","pid":71461}
{"level":"info","ts":1774001279.2961085,"caller":"ebpf/loader.go:213","msg":"DEBUG SENDING TO CORRELATION","comm":"python3","pid":71461}
{"level":"info","ts":1774001279.3173187,"caller":"ebpf/loader.go:213","msg":"DEBUG SENDING TO CORRELATION","comm":"python3","pid":71461}
{"level":"info","ts":1774001279.3173604,"caller":"ebpf/loader.go:213","msg":"DEBUG SENDING TO CORRELATION","comm":"python3","pid":71461}
{"level":"info","ts":1774001279.3173811,"caller":"ebpf/loader.go:213","msg":"DEBUG SENDING TO CORRELATION","comm":"python3","pid":71461}
{"level":"info","ts":1774001279.407537,"caller":"ebpf/loader.go:213","msg":"DEBUG SENDING TO CORRELATION","comm":"attack_sim.sh","pid":71462}
{"level":"info","ts":1774001279.4076893,"caller":"ebpf/loader.go:213","msg":"DEBUG SENDING TO CORRELATION","comm":"sleep","pid":71462}
{"level":"info","ts":1774001279.4597273,"caller":"ebpf/loader.go:213","msg":"DEBUG SENDING TO CORRELATION","comm":"node","pid":892}
{"level":"info","ts":1774001279.4597504,"caller":"ebpf/loader.go:213","msg":"DEBUG SENDING TO CORRELATION","comm":"node","pid":892}
{"level":"info","ts":1774001279.4597607,"caller":"ebpf/loader.go:213","msg":"DEBUG SENDING TO CORRELATION","comm":"node","pid":892}
{"level":"info","ts":1774001280.4095132,"caller":"ebpf/loader.go:213","msg":"DEBUG SENDING TO CORRELATION","comm":"attack_sim.sh","pid":71463}
{"level":"info","ts":1774001280.4095573,"caller":"ebpf/loader.go:213","msg":"DEBUG SENDING TO CORRELATION","comm":"attack_sim.sh","pid":71463}
{"level":"info","ts":1774001280.409671,"caller":"ebpf/loader.go:213","msg":"DEBUG SENDING TO CORRELATION","comm":"timeout","pid":71463}
{"level":"info","ts":1774001280.4102523,"caller":"ebpf/loader.go:213","msg":"DEBUG SENDING TO CORRELATION","comm":"timeout","pid":71464}
{"level":"info","ts":1774001280.410276,"caller":"ebpf/loader.go:213","msg":"DEBUG SENDING TO CORRELATION","comm":"timeout","pid":71464}
{"level":"info","ts":1774001280.4102848,"caller":"ebpf/loader.go:213","msg":"DEBUG SENDING TO CORRELATION","comm":"timeout","pid":71464}
{"level":"info","ts":1774001280.4103057,"caller":"ebpf/loader.go:213","msg":"DEBUG SENDING TO CORRELATION","comm":"timeout","pid":71464}
{"level":"info","ts":1774001280.4103143,"caller":"ebpf/loader.go:213","msg":"DEBUG SENDING TO CORRELATION","comm":"timeout","pid":71464}
{"level":"info","ts":1774001280.410323,"caller":"ebpf/loader.go:213","msg":"DEBUG SENDING TO CORRELATION","comm":"timeout","pid":71464}
{"level":"info","ts":1774001280.4103308,"caller":"ebpf/loader.go:213","msg":"DEBUG SENDING TO CORRELATION","comm":"timeout","pid":71464}
{"level":"info","ts":1774001280.4104097,"caller":"ebpf/loader.go:213","msg":"DEBUG SENDING TO CORRELATION","comm":"nc","pid":71464}
{"level":"info","ts":1774001280.4117727,"caller":"ebpf/loader.go:213","msg":"DEBUG SENDING TO CORRELATION","comm":"sudo","pid":71447}
{"level":"info","ts":1774001280.4118044,"caller":"ebpf/loader.go:213","msg":"DEBUG SENDING TO CORRELATION","comm":"sudo","pid":71447}
{"level":"info","ts":1774001280.4119184,"caller":"ebpf/loader.go:213","msg":"DEBUG SENDING TO CORRELATION","comm":"sudo","pid":71447}
{"level":"info","ts":1774001280.4119508,"caller":"ebpf/loader.go:213","msg":"DEBUG SENDING TO CORRELATION","comm":"sudo","pid":71447}
{"level":"info","ts":1774001280.41197,"caller":"ebpf/loader.go:213","msg":"DEBUG SENDING TO CORRELATION","comm":"sudo","pid":71447}
{"level":"info","ts":1774001280.4119818,"caller":"ebpf/loader.go:213","msg":"DEBUG SENDING TO CORRELATION","comm":"sudo","pid":71447}
{"level":"info","ts":1774001280.4125936,"caller":"ebpf/loader.go:213","msg":"DEBUG SENDING TO CORRELATION","comm":"bash","pid":13257}
{"level":"info","ts":1774001280.4127965,"caller":"ebpf/loader.go:213","msg":"DEBUG SENDING TO CORRELATION","comm":"bash","pid":71465}
{"level":"info","ts":1774001280.4129577,"caller":"ebpf/loader.go:213","msg":"DEBUG SENDING TO CORRELATION","comm":"sleep","pid":71465}
{"level":"info","ts":1774001280.6289911,"caller":"ebpf/loader.go:213","msg":"DEBUG SENDING TO CORRELATION","comm":"node","pid":892}
{"level":"info","ts":1774001280.6313648,"caller":"ebpf/loader.go:213","msg":"DEBUG SENDING TO CORRELATION","comm":"node","pid":71466}
{"level":"info","ts":1774001280.6313956,"caller":"ebpf/loader.go:213","msg":"DEBUG SENDING TO CORRELATION","comm":"node","pid":71466}
{"level":"info","ts":1774001280.6314106,"caller":"ebpf/loader.go:213","msg":"DEBUG SENDING TO CORRELATION","comm":"node","pid":71466}
{"level":"info","ts":1774001280.6314218,"caller":"ebpf/loader.go:213","msg":"DEBUG SENDING TO CORRELATION","comm":"node","pid":71466}
{"level":"info","ts":1774001280.6314294,"caller":"ebpf/loader.go:213","msg":"DEBUG SENDING TO CORRELATION","comm":"node","pid":71466}
{"level":"info","ts":1774001280.6335685,"caller":"ebpf/loader.go:213","msg":"DEBUG SENDING TO CORRELATION","comm":"sh","pid":71466}
{"level":"info","ts":1774001280.634486,"caller":"ebpf/loader.go:213","msg":"DEBUG SENDING TO CORRELATION","comm":"sh","pid":71466}
{"level":"info","ts":1774001280.6346974,"caller":"ebpf/loader.go:213","msg":"DEBUG SENDING TO CORRELATION","comm":"sh","pid":71467}
{"level":"info","ts":1774001280.6347687,"caller":"ebpf/loader.go:213","msg":"DEBUG SENDING TO CORRELATION","comm":"sh","pid":71468}
{"level":"info","ts":1774001280.6348004,"caller":"ebpf/loader.go:213","msg":"DEBUG SENDING TO CORRELATION","comm":"sh","pid":71468}
{"level":"info","ts":1774001280.634956,"caller":"ebpf/loader.go:213","msg":"DEBUG SENDING TO CORRELATION","comm":"grep","pid":71468}
{"level":"info","ts":1774001280.6354544,"caller":"ebpf/loader.go:213","msg":"DEBUG SENDING TO CORRELATION","comm":"sh","pid":71467}
{"level":"info","ts":1774001280.6356578,"caller":"ebpf/loader.go:213","msg":"DEBUG SENDING TO CORRELATION","comm":"ls","pid":71467}
{"level":"info","ts":1774001280.636231,"caller":"ebpf/loader.go:213","msg":"DEBUG SENDING TO CORRELATION","comm":"ls","pid":71467}
{"level":"info","ts":1774001280.6362653,"caller":"ebpf/loader.go:213","msg":"DEBUG SENDING TO CORRELATION","comm":"ls","pid":71467}
{"level":"info","ts":1774001280.6362803,"caller":"ebpf/loader.go:213","msg":"DEBUG SENDING TO CORRELATION","comm":"ls","pid":71467}
{"level":"info","ts":1774001280.6362994,"caller":"ebpf/loader.go:213","msg":"DEBUG SENDING TO CORRELATION","comm":"ls","pid":71467}
{"level":"info","ts":1774001280.636307,"caller":"ebpf/loader.go:213","msg":"DEBUG SENDING TO CORRELATION","comm":"ls","pid":71467}
{"level":"info","ts":1774001280.6363156,"caller":"ebpf/loader.go:213","msg":"DEBUG SENDING TO CORRELATION","comm":"ls","pid":71467}
{"level":"info","ts":1774001280.6363256,"caller":"ebpf/loader.go:213","msg":"DEBUG SENDING TO CORRELATION","comm":"ls","pid":71467}
{"level":"info","ts":1774001280.636339,"caller":"ebpf/loader.go:213","msg":"DEBUG SENDING TO CORRELATION","comm":"ls","pid":71467}
{"level":"info","ts":1774001280.636354,"caller":"ebpf/loader.go:213","msg":"DEBUG SENDING TO CORRELATION","comm":"ls","pid":71467}
{"level":"info","ts":1774001280.6363664,"caller":"ebpf/loader.go:213","msg":"DEBUG SENDING TO CORRELATION","comm":"ls","pid":71467}
{"level":"info","ts":1774001280.6363804,"caller":"ebpf/loader.go:213","msg":"DEBUG SENDING TO CORRELATION","comm":"ls","pid":71467}
{"level":"info","ts":1774001280.6364021,"caller":"ebpf/loader.go:213","msg":"DEBUG SENDING TO CORRELATION","comm":"ls","pid":71467}
{"level":"info","ts":1774001280.6558855,"caller":"ebpf/loader.go:213","msg":"DEBUG SENDING TO CORRELATION","comm":"node","pid":892}
{"level":"info","ts":1774001280.6578758,"caller":"ebpf/loader.go:213","msg":"DEBUG SENDING TO CORRELATION","comm":"node","pid":71469}
{"level":"info","ts":1774001280.6579118,"caller":"ebpf/loader.go:213","msg":"DEBUG SENDING TO CORRELATION","comm":"node","pid":71469}
{"level":"info","ts":1774001280.6579258,"caller":"ebpf/loader.go:213","msg":"DEBUG SENDING TO CORRELATION","comm":"node","pid":71469}
{"level":"info","ts":1774001280.657938,"caller":"ebpf/loader.go:213","msg":"DEBUG SENDING TO CORRELATION","comm":"node","pid":71469}
{"level":"info","ts":1774001280.6579556,"caller":"ebpf/loader.go:213","msg":"DEBUG SENDING TO CORRELATION","comm":"node","pid":71469}
{"level":"info","ts":1774001280.66028,"caller":"ebpf/loader.go:213","msg":"DEBUG SENDING TO CORRELATION","comm":"sh","pid":71469}
{"level":"info","ts":1774001280.6610746,"caller":"ebpf/loader.go:213","msg":"DEBUG SENDING TO CORRELATION","comm":"sh","pid":71469}
{"level":"info","ts":1774001280.6612253,"caller":"ebpf/loader.go:213","msg":"DEBUG SENDING TO CORRELATION","comm":"sh","pid":71470}
{"level":"info","ts":1774001280.6612656,"caller":"ebpf/loader.go:213","msg":"DEBUG SENDING TO CORRELATION","comm":"sh","pid":71470}
{"level":"info","ts":1774001280.6613345,"caller":"ebpf/loader.go:213","msg":"DEBUG SENDING TO CORRELATION","comm":"sh","pid":71471}
{"level":"info","ts":1774001280.6613781,"caller":"ebpf/loader.go:213","msg":"DEBUG SENDING TO CORRELATION","comm":"sh","pid":71471}
{"level":"info","ts":1774001280.6614015,"caller":"ebpf/loader.go:213","msg":"DEBUG SENDING TO CORRELATION","comm":"ps","pid":71470}
{"level":"info","ts":1774001280.6614902,"caller":"ebpf/loader.go:213","msg":"DEBUG SENDING TO CORRELATION","comm":"grep","pid":71471}
{"level":"info","ts":1774001280.6627622,"caller":"ebpf/loader.go:213","msg":"DEBUG SENDING TO CORRELATION","comm":"ps","pid":71470}
{"level":"info","ts":1774001280.6627874,"caller":"ebpf/loader.go:213","msg":"DEBUG SENDING TO CORRELATION","comm":"ps","pid":71470}
{"level":"info","ts":1774001280.6627986,"caller":"ebpf/loader.go:213","msg":"DEBUG SENDING TO CORRELATION","comm":"ps","pid":71470}
{"level":"info","ts":1774001280.6628065,"caller":"ebpf/loader.go:213","msg":"DEBUG SENDING TO CORRELATION","comm":"ps","pid":71470}
{"level":"info","ts":1774001280.6628242,"caller":"ebpf/loader.go:213","msg":"DEBUG SENDING TO CORRELATION","comm":"ps","pid":71470}
{"level":"info","ts":1774001280.6628315,"caller":"ebpf/loader.go:213","msg":"DEBUG SENDING TO CORRELATION","comm":"ps","pid":71470}
{"level":"info","ts":1774001281.268621,"caller":"ebpf/loader.go:213","msg":"DEBUG SENDING TO CORRELATION","comm":"node","pid":837}
{"level":"info","ts":1774001281.2693322,"caller":"ebpf/loader.go:213","msg":"DEBUG SENDING TO CORRELATION","comm":"node","pid":71472}
{"level":"info","ts":1774001281.2693746,"caller":"ebpf/loader.go:213","msg":"DEBUG SENDING TO CORRELATION","comm":"node","pid":71472}
{"level":"info","ts":1774001281.269405,"caller":"ebpf/loader.go:213","msg":"DEBUG SENDING TO CORRELATION","comm":"node","pid":71472}
{"level":"info","ts":1774001281.2694297,"caller":"ebpf/loader.go:213","msg":"DEBUG SENDING TO CORRELATION","comm":"node","pid":71472}
{"level":"info","ts":1774001281.2694614,"caller":"ebpf/loader.go:213","msg":"DEBUG SENDING TO CORRELATION","comm":"node","pid":71472}
{"level":"info","ts":1774001281.2701657,"caller":"ebpf/loader.go:213","msg":"DEBUG SENDING TO CORRELATION","comm":"sh","pid":71472}
{"level":"info","ts":1774001281.2713351,"caller":"ebpf/loader.go:213","msg":"DEBUG SENDING TO CORRELATION","comm":"sh","pid":71473}
{"level":"info","ts":1774001281.2715466,"caller":"ebpf/loader.go:213","msg":"DEBUG SENDING TO CORRELATION","comm":"which","pid":71473}
{"level":"info","ts":1774001281.272862,"caller":"ebpf/loader.go:213","msg":"DEBUG SENDING TO CORRELATION","comm":"node","pid":837}
{"level":"info","ts":1774001281.2734127,"caller":"ebpf/loader.go:213","msg":"DEBUG SENDING TO CORRELATION","comm":"node","pid":71474}
{"level":"info","ts":1774001281.2734442,"caller":"ebpf/loader.go:213","msg":"DEBUG SENDING TO CORRELATION","comm":"node","pid":71474}
{"level":"info","ts":1774001281.2734704,"caller":"ebpf/loader.go:213","msg":"DEBUG SENDING TO CORRELATION","comm":"node","pid":71474}
{"level":"info","ts":1774001281.2734818,"caller":"ebpf/loader.go:213","msg":"DEBUG SENDING TO CORRELATION","comm":"node","pid":71474}
{"level":"info","ts":1774001281.2734945,"caller":"ebpf/loader.go:213","msg":"DEBUG SENDING TO CORRELATION","comm":"node","pid":71474}
{"level":"info","ts":1774001281.2738786,"caller":"ebpf/loader.go:213","msg":"DEBUG SENDING TO CORRELATION","comm":"sh","pid":71474}
{"level":"info","ts":1774001281.2742379,"caller":"ebpf/loader.go:213","msg":"DEBUG SENDING TO CORRELATION","comm":"sh","pid":71475}
{"level":"info","ts":1774001281.2743535,"caller":"ebpf/loader.go:213","msg":"DEBUG SENDING TO CORRELATION","comm":"ps","pid":71475}
{"level":"info","ts":1774001281.2791429,"caller":"ebpf/loader.go:213","msg":"DEBUG SENDING TO CORRELATION","comm":"node","pid":837}
{"level":"info","ts":1774001281.2795808,"caller":"ebpf/loader.go:213","msg":"DEBUG SENDING TO CORRELATION","comm":"node","pid":71476}
{"level":"info","ts":1774001281.279604,"caller":"ebpf/loader.go:213","msg":"DEBUG SENDING TO CORRELATION","comm":"node","pid":71476}
{"level":"info","ts":1774001281.2796192,"caller":"ebpf/loader.go:213","msg":"DEBUG SENDING TO CORRELATION","comm":"node","pid":71476}
{"level":"info","ts":1774001281.2796273,"caller":"ebpf/loader.go:213","msg":"DEBUG SENDING TO CORRELATION","comm":"node","pid":71476}
{"level":"info","ts":1774001281.279636,"caller":"ebpf/loader.go:213","msg":"DEBUG SENDING TO CORRELATION","comm":"node","pid":71476}
{"level":"info","ts":1774001281.2799509,"caller":"ebpf/loader.go:213","msg":"DEBUG SENDING TO CORRELATION","comm":"sh","pid":71476}
{"level":"info","ts":1774001281.280537,"caller":"ebpf/loader.go:213","msg":"DEBUG SENDING TO CORRELATION","comm":"sh","pid":71477}
{"level":"info","ts":1774001281.2806275,"caller":"ebpf/loader.go:213","msg":"DEBUG SENDING TO CORRELATION","comm":"cpuusage.sh","pid":71477}
{"level":"info","ts":1774001281.2821386,"caller":"ebpf/loader.go:213","msg":"DEBUG SENDING TO CORRELATION","comm":"cpuusage.sh","pid":71477}
{"level":"info","ts":1774001281.2821665,"caller":"ebpf/loader.go:213","msg":"DEBUG SENDING TO CORRELATION","comm":"cpuusage.sh","pid":71477}
{"level":"info","ts":1774001281.2823567,"caller":"ebpf/loader.go:213","msg":"DEBUG SENDING TO CORRELATION","comm":"cpuusage.sh","pid":71478}
{"level":"info","ts":1774001281.282629,"caller":"ebpf/loader.go:213","msg":"DEBUG SENDING TO CORRELATION","comm":"cpuusage.sh","pid":71478}
{"level":"info","ts":1774001281.2827563,"caller":"ebpf/loader.go:213","msg":"DEBUG SENDING TO CORRELATION","comm":"sed","pid":71478}
{"level":"info","ts":1774001281.2835915,"caller":"ebpf/loader.go:213","msg":"DEBUG SENDING TO CORRELATION","comm":"cpuusage.sh","pid":71477}
{"level":"info","ts":1774001281.2837324,"caller":"ebpf/loader.go:213","msg":"DEBUG SENDING TO CORRELATION","comm":"cpuusage.sh","pid":71479}
{"level":"info","ts":1774001281.9921863,"caller":"ebpf/loader.go:213","msg":"DEBUG SENDING TO CORRELATION","comm":"containerd-shim","pid":24109}
{"level":"info","ts":1774001281.9923825,"caller":"ebpf/loader.go:213","msg":"DEBUG SENDING TO CORRELATION","comm":"containerd-shim","pid":24109}
{"level":"info","ts":1774001281.9927626,"caller":"ebpf/loader.go:213","msg":"DEBUG SENDING TO CORRELATION","comm":"containerd-shim","pid":24109}
{"level":"info","ts":1774001281.9932306,"caller":"ebpf/loader.go:213","msg":"DEBUG SENDING TO CORRELATION","comm":"containerd-shim","pid":71486}
{"level":"info","ts":1774001281.9933894,"caller":"ebpf/loader.go:213","msg":"DEBUG SENDING TO CORRELATION","comm":"containerd-shim","pid":71486}
{"level":"info","ts":1774001281.9934971,"caller":"ebpf/loader.go:213","msg":"DEBUG SENDING TO CORRELATION","comm":"containerd-shim","pid":71486}
{"level":"info","ts":1774001281.9936883,"caller":"ebpf/loader.go:213","msg":"DEBUG SENDING TO CORRELATION","comm":"containerd-shim","pid":71486}
{"level":"info","ts":1774001281.9942918,"caller":"ebpf/loader.go:213","msg":"DEBUG SENDING TO CORRELATION","comm":"runc","pid":71486}
{"level":"info","ts":1774001281.9968257,"caller":"ebpf/loader.go:213","msg":"DEBUG SENDING TO CORRELATION","comm":"runc","pid":71486}
{"level":"info","ts":1774001281.996918,"caller":"ebpf/loader.go:213","msg":"DEBUG SENDING TO CORRELATION","comm":"runc","pid":71486}
{"level":"info","ts":1774001281.9969926,"caller":"ebpf/loader.go:213","msg":"DEBUG SENDING TO CORRELATION","comm":"runc","pid":71486}
{"level":"info","ts":1774001281.9970124,"caller":"ebpf/loader.go:213","msg":"DEBUG SENDING TO CORRELATION","comm":"runc","pid":71486}
{"level":"info","ts":1774001281.9971266,"caller":"ebpf/loader.go:213","msg":"DEBUG SENDING TO CORRELATION","comm":"runc","pid":71486}
{"level":"info","ts":1774001281.9990315,"caller":"ebpf/loader.go:213","msg":"DEBUG SENDING TO CORRELATION","comm":"runc","pid":71486}
{"level":"info","ts":1774001281.9990804,"caller":"ebpf/loader.go:213","msg":"DEBUG SENDING TO CORRELATION","comm":"runc","pid":71486}
{"level":"info","ts":1774001282.0003147,"caller":"ebpf/loader.go:213","msg":"DEBUG SENDING TO CORRELATION","comm":"runc","pid":71486}
{"level":"info","ts":1774001282.0052938,"caller":"ebpf/loader.go:213","msg":"DEBUG SENDING TO CORRELATION","comm":"runc","pid":71486}
{"level":"info","ts":1774001282.005619,"caller":"ebpf/loader.go:213","msg":"DEBUG SENDING TO CORRELATION","comm":"runc","pid":71486}
{"level":"info","ts":1774001282.0056775,"caller":"ebpf/loader.go:213","msg":"DEBUG SENDING TO CORRELATION","comm":"runc","pid":71496}
{"level":"info","ts":1774001282.0057085,"caller":"ebpf/loader.go:213","msg":"DEBUG SENDING TO CORRELATION","comm":"runc","pid":71496}
{"level":"info","ts":1774001282.0057187,"caller":"ebpf/loader.go:213","msg":"DEBUG SENDING TO CORRELATION","comm":"runc","pid":71496}
{"level":"info","ts":1774001282.0057514,"caller":"ebpf/loader.go:213","msg":"DEBUG SENDING TO CORRELATION","comm":"runc","pid":71496}
{"level":"info","ts":1774001282.0057666,"caller":"ebpf/loader.go:213","msg":"DEBUG SENDING TO CORRELATION","comm":"runc","pid":71496}
{"level":"info","ts":1774001282.0057907,"caller":"ebpf/loader.go:213","msg":"DEBUG SENDING TO CORRELATION","comm":"runc","pid":71496}
{"level":"info","ts":1774001282.0058331,"caller":"ebpf/loader.go:213","msg":"DEBUG SENDING TO CORRELATION","comm":"6","pid":71496}
{"level":"info","ts":1774001282.0078425,"caller":"ebpf/loader.go:213","msg":"DEBUG SENDING TO CORRELATION","comm":"runc:[2:init]","pid":71498}
{"level":"info","ts":1774001282.0079162,"caller":"ebpf/loader.go:213","msg":"DEBUG SENDING TO CORRELATION","comm":"runc:[2:init]","pid":71498}
{"level":"info","ts":1774001282.0080369,"caller":"ebpf/loader.go:213","msg":"DEBUG SENDING TO CORRELATION","comm":"runc:[2:init]","pid":71498}
{"level":"info","ts":1774001282.0080914,"caller":"ebpf/loader.go:213","msg":"DEBUG SENDING TO CORRELATION","comm":"runc:[2:init]","pid":71498}
{"level":"info","ts":1774001282.0081959,"caller":"ebpf/loader.go:213","msg":"DEBUG SENDING TO CORRELATION","comm":"runc:[2:init]","pid":71498}
{"level":"info","ts":1774001282.0122788,"caller":"ebpf/loader.go:213","msg":"DEBUG SENDING TO CORRELATION","comm":"node","pid":892}
{"level":"info","ts":1774001282.0123043,"caller":"ebpf/loader.go:213","msg":"DEBUG SENDING TO CORRELATION","comm":"node","pid":892}
{"level":"info","ts":1774001282.0123174,"caller":"ebpf/loader.go:213","msg":"DEBUG SENDING TO CORRELATION","comm":"node","pid":892}
{"level":"info","ts":1774001282.0204818,"caller":"ebpf/loader.go:213","msg":"DEBUG SENDING TO CORRELATION","comm":"node","pid":892}
{"level":"info","ts":1774001282.0205338,"caller":"ebpf/loader.go:213","msg":"DEBUG SENDING TO CORRELATION","comm":"node","pid":892}
{"level":"info","ts":1774001282.0205436,"caller":"ebpf/loader.go:213","msg":"DEBUG SENDING TO CORRELATION","comm":"node","pid":892}
{"level":"info","ts":1774001282.0261643,"caller":"ebpf/loader.go:213","msg":"DEBUG SENDING TO CORRELATION","comm":"runc:[2:init]","pid":71498}
{"level":"info","ts":1774001282.0349517,"caller":"ebpf/loader.go:213","msg":"DEBUG SENDING TO CORRELATION","comm":"runc:[2:init]","pid":71498}
{"level":"info","ts":1774001282.0355525,"caller":"ebpf/loader.go:213","msg":"DEBUG SENDING TO CORRELATION","comm":"curl","pid":71498}
{"level":"info","ts":1774001282.0388966,"caller":"ebpf/loader.go:213","msg":"DEBUG SENDING TO CORRELATION","comm":"curl","pid":71498}
{"level":"info","ts":1774001282.0394208,"caller":"ebpf/loader.go:213","msg":"DEBUG SENDING TO CORRELATION","comm":"curl","pid":71498}
{"level":"info","ts":1774001282.0394435,"caller":"ebpf/loader.go:213","msg":"DEBUG SENDING TO CORRELATION","comm":"curl","pid":71498}
{"level":"info","ts":1774001282.0396948,"caller":"ebpf/loader.go:213","msg":"DEBUG SENDING TO CORRELATION","comm":"curl","pid":71498}
{"level":"info","ts":1774001282.0397284,"caller":"ebpf/loader.go:213","msg":"DEBUG SENDING TO CORRELATION","comm":"curl","pid":71498}
{"level":"info","ts":1774001282.0397403,"caller":"ebpf/loader.go:213","msg":"DEBUG SENDING TO CORRELATION","comm":"curl","pid":71498}
{"level":"info","ts":1774001282.0397491,"caller":"ebpf/loader.go:213","msg":"DEBUG SENDING TO CORRELATION","comm":"curl","pid":71498}
{"level":"info","ts":1774001282.0397608,"caller":"ebpf/loader.go:213","msg":"DEBUG SENDING TO CORRELATION","comm":"curl","pid":71498}
{"level":"info","ts":1774001282.0397685,"caller":"ebpf/loader.go:213","msg":"DEBUG SENDING TO CORRELATION","comm":"curl","pid":71498}
{"level":"info","ts":1774001282.0398722,"caller":"ebpf/loader.go:213","msg":"DEBUG SENDING TO CORRELATION","comm":"curl","pid":71498}
{"level":"info","ts":1774001282.0398946,"caller":"ebpf/loader.go:213","msg":"DEBUG SENDING TO CORRELATION","comm":"curl","pid":71498}
{"level":"info","ts":1774001282.039906,"caller":"ebpf/loader.go:213","msg":"DEBUG SENDING TO CORRELATION","comm":"curl","pid":71498}
{"level":"info","ts":1774001282.0399146,"caller":"ebpf/loader.go:213","msg":"DEBUG SENDING TO CORRELATION","comm":"curl","pid":71498}
{"level":"info","ts":1774001282.0399232,"caller":"ebpf/loader.go:213","msg":"DEBUG SENDING TO CORRELATION","comm":"curl","pid":71498}
{"level":"info","ts":1774001282.0399315,"caller":"ebpf/loader.go:213","msg":"DEBUG SENDING TO CORRELATION","comm":"curl","pid":71498}
{"level":"info","ts":1774001282.0399475,"caller":"ebpf/loader.go:213","msg":"DEBUG SENDING TO CORRELATION","comm":"curl","pid":71498}
{"level":"info","ts":1774001282.0399575,"caller":"ebpf/loader.go:213","msg":"DEBUG SENDING TO CORRELATION","comm":"curl","pid":71498}
{"level":"info","ts":1774001282.039969,"caller":"ebpf/loader.go:213","msg":"DEBUG SENDING TO CORRELATION","comm":"curl","pid":71498}
{"level":"info","ts":1774001282.0399787,"caller":"ebpf/loader.go:213","msg":"DEBUG SENDING TO CORRELATION","comm":"curl","pid":71498}
{"level":"info","ts":1774001282.0399983,"caller":"ebpf/loader.go:213","msg":"DEBUG SENDING TO CORRELATION","comm":"curl","pid":71498}
{"level":"info","ts":1774001282.2910001,"caller":"ebpf/loader.go:213","msg":"DEBUG SENDING TO CORRELATION","comm":"cpuusage.sh","pid":71477}
{"level":"info","ts":1774001282.2915666,"caller":"ebpf/loader.go:213","msg":"DEBUG SENDING TO CORRELATION","comm":"cpuusage.sh","pid":71505}
{"level":"info","ts":1774001282.2926037,"caller":"ebpf/loader.go:213","msg":"DEBUG SENDING TO CORRELATION","comm":"cpuusage.sh","pid":71505}
{"level":"info","ts":1774001282.2928233,"caller":"ebpf/loader.go:213","msg":"DEBUG SENDING TO CORRELATION","comm":"sed","pid":71505}
{"level":"info","ts":1774001282.293755,"caller":"ebpf/loader.go:213","msg":"DEBUG SENDING TO CORRELATION","comm":"cpuusage.sh","pid":71477}
{"level":"info","ts":1774001282.2939568,"caller":"ebpf/loader.go:213","msg":"DEBUG SENDING TO CORRELATION","comm":"cpuusage.sh","pid":71506}
{"level":"info","ts":1774001282.2942488,"caller":"ebpf/loader.go:213","msg":"DEBUG SENDING TO CORRELATION","comm":"cpuusage.sh","pid":71506}
{"level":"info","ts":1774001282.2943728,"caller":"ebpf/loader.go:213","msg":"DEBUG SENDING TO CORRELATION","comm":"cat","pid":71506}
{"level":"info","ts":1774001282.29482,"caller":"ebpf/loader.go:213","msg":"DEBUG SENDING TO CORRELATION","comm":"cpuusage.sh","pid":71477}
{"level":"info","ts":1774001282.294992,"caller":"ebpf/loader.go:213","msg":"DEBUG SENDING TO CORRELATION","comm":"cpuusage.sh","pid":71507}
{"level":"info","ts":1774001282.2952182,"caller":"ebpf/loader.go:213","msg":"DEBUG SENDING TO CORRELATION","comm":"cpuusage.sh","pid":71477}
{"level":"info","ts":1774001282.2953703,"caller":"ebpf/loader.go:213","msg":"DEBUG SENDING TO CORRELATION","comm":"cpuusage.sh","pid":71508}
{"level":"info","ts":1774001282.2956386,"caller":"ebpf/loader.go:213","msg":"DEBUG SENDING TO CORRELATION","comm":"cpuusage.sh","pid":71508}
{"level":"info","ts":1774001282.2957742,"caller":"ebpf/loader.go:213","msg":"DEBUG SENDING TO CORRELATION","comm":"cat","pid":71508}
{"level":"info","ts":1774001282.2962425,"caller":"ebpf/loader.go:213","msg":"DEBUG SENDING TO CORRELATION","comm":"cpuusage.sh","pid":71477}
{"level":"info","ts":1774001282.2963743,"caller":"ebpf/loader.go:213","msg":"DEBUG SENDING TO CORRELATION","comm":"cpuusage.sh","pid":71509}
{"level":"info","ts":1774001282.296707,"caller":"ebpf/loader.go:213","msg":"DEBUG SENDING TO CORRELATION","comm":"cpuusage.sh","pid":71477}
{"level":"info","ts":1774001282.2968564,"caller":"ebpf/loader.go:213","msg":"DEBUG SENDING TO CORRELATION","comm":"cpuusage.sh","pid":71510}
{"level":"info","ts":1774001282.297118,"caller":"ebpf/loader.go:213","msg":"DEBUG SENDING TO CORRELATION","comm":"cpuusage.sh","pid":71510}
{"level":"info","ts":1774001282.2972426,"caller":"ebpf/loader.go:213","msg":"DEBUG SENDING TO CORRELATION","comm":"cat","pid":71510}
{"level":"info","ts":1774001282.2977479,"caller":"ebpf/loader.go:213","msg":"DEBUG SENDING TO CORRELATION","comm":"cpuusage.sh","pid":71477}
{"level":"info","ts":1774001282.2979085,"caller":"ebpf/loader.go:213","msg":"DEBUG SENDING TO CORRELATION","comm":"cpuusage.sh","pid":71511}
{"level":"info","ts":1774001282.2981486,"caller":"ebpf/loader.go:213","msg":"DEBUG SENDING TO CORRELATION","comm":"cpuusage.sh","pid":71477}
{"level":"info","ts":1774001282.2982817,"caller":"ebpf/loader.go:213","msg":"DEBUG SENDING TO CORRELATION","comm":"cpuusage.sh","pid":71512}
{"level":"info","ts":1774001282.298516,"caller":"ebpf/loader.go:213","msg":"DEBUG SENDING TO CORRELATION","comm":"cpuusage.sh","pid":71512}
{"level":"info","ts":1774001282.298638,"caller":"ebpf/loader.go:213","msg":"DEBUG SENDING TO CORRELATION","comm":"cat","pid":71512}
{"level":"info","ts":1774001282.2990575,"caller":"ebpf/loader.go:213","msg":"DEBUG SENDING TO CORRELATION","comm":"cpuusage.sh","pid":71477}
{"level":"info","ts":1774001282.2991896,"caller":"ebpf/loader.go:213","msg":"DEBUG SENDING TO CORRELATION","comm":"cpuusage.sh","pid":71513}
{"level":"info","ts":1774001282.2994287,"caller":"ebpf/loader.go:213","msg":"DEBUG SENDING TO CORRELATION","comm":"cpuusage.sh","pid":71477}
{"level":"info","ts":1774001282.299542,"caller":"ebpf/loader.go:213","msg":"DEBUG SENDING TO CORRELATION","comm":"cpuusage.sh","pid":71514}
{"level":"info","ts":1774001282.2998,"caller":"ebpf/loader.go:213","msg":"DEBUG SENDING TO CORRELATION","comm":"cpuusage.sh","pid":71514}
{"level":"info","ts":1774001282.2999234,"caller":"ebpf/loader.go:213","msg":"DEBUG SENDING TO CORRELATION","comm":"cat","pid":71514}
{"level":"info","ts":1774001282.300329,"caller":"ebpf/loader.go:213","msg":"DEBUG SENDING TO CORRELATION","comm":"cpuusage.sh","pid":71477}
{"level":"info","ts":1774001282.3004677,"caller":"ebpf/loader.go:213","msg":"DEBUG SENDING TO CORRELATION","comm":"cpuusage.sh","pid":71515}
{"level":"info","ts":1774001282.3006978,"caller":"ebpf/loader.go:213","msg":"DEBUG SENDING TO CORRELATION","comm":"cpuusage.sh","pid":71477}
{"level":"info","ts":1774001282.3008296,"caller":"ebpf/loader.go:213","msg":"DEBUG SENDING TO CORRELATION","comm":"cpuusage.sh","pid":71516}
{"level":"info","ts":1774001282.3010592,"caller":"ebpf/loader.go:213","msg":"DEBUG SENDING TO CORRELATION","comm":"cpuusage.sh","pid":71516}
{"level":"info","ts":1774001282.301177,"caller":"ebpf/loader.go:213","msg":"DEBUG SENDING TO CORRELATION","comm":"cat","pid":71516}
{"level":"info","ts":1774001282.301788,"caller":"ebpf/loader.go:213","msg":"DEBUG SENDING TO CORRELATION","comm":"cpuusage.sh","pid":71477}
{"level":"info","ts":1774001282.3018095,"caller":"ebpf/loader.go:213","msg":"DEBUG SENDING TO CORRELATION","comm":"cpuusage.sh","pid":71517}
{"level":"info","ts":1774001282.671774,"caller":"ebpf/loader.go:213","msg":"DEBUG SENDING TO CORRELATION","comm":"node","pid":892}
{"level":"info","ts":1774001284.5371833,"caller":"ebpf/loader.go:213","msg":"DEBUG SENDING TO CORRELATION","comm":"libuv-worker","pid":892}
{"level":"info","ts":1774001284.5372455,"caller":"ebpf/loader.go:213","msg":"DEBUG SENDING TO CORRELATION","comm":"libuv-worker","pid":892}
{"level":"info","ts":1774001284.5372632,"caller":"ebpf/loader.go:213","msg":"DEBUG SENDING TO CORRELATION","comm":"libuv-worker","pid":892}
{"level":"info","ts":1774001284.5372782,"caller":"ebpf/loader.go:213","msg":"DEBUG SENDING TO CORRELATION","comm":"libuv-worker","pid":892}
{"level":"info","ts":1774001284.537292,"caller":"ebpf/loader.go:213","msg":"DEBUG SENDING TO CORRELATION","comm":"libuv-worker","pid":892}
{"level":"info","ts":1774001284.5469797,"caller":"ebpf/loader.go:213","msg":"DEBUG SENDING TO CORRELATION","comm":"libuv-worker","pid":892}
{"level":"info","ts":1774001284.547024,"caller":"ebpf/loader.go:213","msg":"DEBUG SENDING TO CORRELATION","comm":"libuv-worker","pid":892}
{"level":"info","ts":1774001284.5470371,"caller":"ebpf/loader.go:213","msg":"DEBUG SENDING TO CORRELATION","comm":"libuv-worker","pid":892}
{"level":"info","ts":1774001284.5470457,"caller":"ebpf/loader.go:213","msg":"DEBUG SENDING TO CORRELATION","comm":"libuv-worker","pid":892}
{"level":"info","ts":1774001284.5470543,"caller":"ebpf/loader.go:213","msg":"DEBUG SENDING TO CORRELATION","comm":"libuv-worker","pid":892}
{"level":"info","ts":1774001284.5470648,"caller":"ebpf/loader.go:213","msg":"DEBUG SENDING TO CORRELATION","comm":"libuv-worker","pid":892}
{"level":"info","ts":1774001284.5473552,"caller":"ebpf/loader.go:213","msg":"DEBUG SENDING TO CORRELATION","comm":"node","pid":892}
{"level":"info","ts":1774001284.5473907,"caller":"ebpf/loader.go:213","msg":"DEBUG SENDING TO CORRELATION","comm":"node","pid":892}
{"level":"info","ts":1774001284.5474045,"caller":"ebpf/loader.go:213","msg":"DEBUG SENDING TO CORRELATION","comm":"node","pid":892}
{"level":"info","ts":1774001284.715631,"caller":"ebpf/loader.go:213","msg":"DEBUG SENDING TO CORRELATION","comm":"node","pid":892}
{"level":"info","ts":1774001284.7178514,"caller":"ebpf/loader.go:213","msg":"DEBUG SENDING TO CORRELATION","comm":"node","pid":71528}
{"level":"info","ts":1774001284.7178872,"caller":"ebpf/loader.go:213","msg":"DEBUG SENDING TO CORRELATION","comm":"node","pid":71528}
{"level":"info","ts":1774001284.717896,"caller":"ebpf/loader.go:213","msg":"DEBUG SENDING TO CORRELATION","comm":"node","pid":71528}
{"level":"info","ts":1774001284.7179039,"caller":"ebpf/loader.go:213","msg":"DEBUG SENDING TO CORRELATION","comm":"node","pid":71528}
{"level":"info","ts":1774001284.717915,"caller":"ebpf/loader.go:213","msg":"DEBUG SENDING TO CORRELATION","comm":"node","pid":71528}
{"level":"info","ts":1774001284.7198932,"caller":"ebpf/loader.go:213","msg":"DEBUG SENDING TO CORRELATION","comm":"sh","pid":71528}
{"level":"info","ts":1774001284.7205842,"caller":"ebpf/loader.go:213","msg":"DEBUG SENDING TO CORRELATION","comm":"sh","pid":71528}
{"level":"info","ts":1774001284.7207124,"caller":"ebpf/loader.go:213","msg":"DEBUG SENDING TO CORRELATION","comm":"sh","pid":71529}
{"level":"info","ts":1774001284.7207878,"caller":"ebpf/loader.go:213","msg":"DEBUG SENDING TO CORRELATION","comm":"sh","pid":71530}
{"level":"info","ts":1774001284.7208126,"caller":"ebpf/loader.go:213","msg":"DEBUG SENDING TO CORRELATION","comm":"sh","pid":71530}
{"level":"info","ts":1774001284.7210398,"caller":"ebpf/loader.go:213","msg":"DEBUG SENDING TO CORRELATION","comm":"grep","pid":71530}
{"level":"info","ts":1774001284.7214491,"caller":"ebpf/loader.go:213","msg":"DEBUG SENDING TO CORRELATION","comm":"sh","pid":71529}
{"level":"info","ts":1774001284.721632,"caller":"ebpf/loader.go:213","msg":"DEBUG SENDING TO CORRELATION","comm":"ls","pid":71529}
{"level":"info","ts":1774001284.7222953,"caller":"ebpf/loader.go:213","msg":"DEBUG SENDING TO CORRELATION","comm":"ls","pid":71529}
{"level":"info","ts":1774001284.722336,"caller":"ebpf/loader.go:213","msg":"DEBUG SENDING TO CORRELATION","comm":"ls","pid":71529}
{"level":"info","ts":1774001284.7223513,"caller":"ebpf/loader.go:213","msg":"DEBUG SENDING TO CORRELATION","comm":"ls","pid":71529}
{"level":"info","ts":1774001284.7223642,"caller":"ebpf/loader.go:213","msg":"DEBUG SENDING TO CORRELATION","comm":"ls","pid":71529}
{"level":"info","ts":1774001284.722384,"caller":"ebpf/loader.go:213","msg":"DEBUG SENDING TO CORRELATION","comm":"ls","pid":71529}
{"level":"info","ts":1774001284.7223933,"caller":"ebpf/loader.go:213","msg":"DEBUG SENDING TO CORRELATION","comm":"ls","pid":71529}
{"level":"info","ts":1774001284.722407,"caller":"ebpf/loader.go:213","msg":"DEBUG SENDING TO CORRELATION","comm":"ls","pid":71529}
{"level":"info","ts":1774001284.7224176,"caller":"ebpf/loader.go:213","msg":"DEBUG SENDING TO CORRELATION","comm":"ls","pid":71529}
{"level":"info","ts":1774001284.7224255,"caller":"ebpf/loader.go:213","msg":"DEBUG SENDING TO CORRELATION","comm":"ls","pid":71529}
{"level":"info","ts":1774001284.7224367,"caller":"ebpf/loader.go:213","msg":"DEBUG SENDING TO CORRELATION","comm":"ls","pid":71529}
{"level":"info","ts":1774001284.7224457,"caller":"ebpf/loader.go:213","msg":"DEBUG SENDING TO CORRELATION","comm":"ls","pid":71529}
{"level":"info","ts":1774001284.7224562,"caller":"ebpf/loader.go:213","msg":"DEBUG SENDING TO CORRELATION","comm":"ls","pid":71529}
{"level":"info","ts":1774001284.739533,"caller":"ebpf/loader.go:213","msg":"DEBUG SENDING TO CORRELATION","comm":"node","pid":892}
{"level":"info","ts":1774001284.7414913,"caller":"ebpf/loader.go:213","msg":"DEBUG SENDING TO CORRELATION","comm":"node","pid":71531}
{"level":"info","ts":1774001284.7415113,"caller":"ebpf/loader.go:213","msg":"DEBUG SENDING TO CORRELATION","comm":"node","pid":71531}
{"level":"info","ts":1774001284.7415216,"caller":"ebpf/loader.go:213","msg":"DEBUG SENDING TO CORRELATION","comm":"node","pid":71531}
{"level":"info","ts":1774001284.74153,"caller":"ebpf/loader.go:213","msg":"DEBUG SENDING TO CORRELATION","comm":"node","pid":71531}
{"level":"info","ts":1774001284.7415392,"caller":"ebpf/loader.go:213","msg":"DEBUG SENDING TO CORRELATION","comm":"node","pid":71531}
{"level":"info","ts":1774001284.7437127,"caller":"ebpf/loader.go:213","msg":"DEBUG SENDING TO CORRELATION","comm":"sh","pid":71531}
{"level":"info","ts":1774001284.7443702,"caller":"ebpf/loader.go:213","msg":"DEBUG SENDING TO CORRELATION","comm":"sh","pid":71531}
{"level":"info","ts":1774001284.7444983,"caller":"ebpf/loader.go:213","msg":"DEBUG SENDING TO CORRELATION","comm":"sh","pid":71532}
{"level":"info","ts":1774001284.744527,"caller":"ebpf/loader.go:213","msg":"DEBUG SENDING TO CORRELATION","comm":"sh","pid":71532}
{"level":"info","ts":1774001284.744579,"caller":"ebpf/loader.go:213","msg":"DEBUG SENDING TO CORRELATION","comm":"sh","pid":71533}
{"level":"info","ts":1774001284.7446024,"caller":"ebpf/loader.go:213","msg":"DEBUG SENDING TO CORRELATION","comm":"sh","pid":71533}
{"level":"info","ts":1774001284.744693,"caller":"ebpf/loader.go:213","msg":"DEBUG SENDING TO CORRELATION","comm":"ps","pid":71532}
{"level":"info","ts":1774001284.7447085,"caller":"ebpf/loader.go:213","msg":"DEBUG SENDING TO CORRELATION","comm":"grep","pid":71533}
{"level":"info","ts":1774001284.7462018,"caller":"ebpf/loader.go:213","msg":"DEBUG SENDING TO CORRELATION","comm":"ps","pid":71532}
{"level":"info","ts":1774001284.7462318,"caller":"ebpf/loader.go:213","msg":"DEBUG SENDING TO CORRELATION","comm":"ps","pid":71532}
{"level":"info","ts":1774001284.746244,"caller":"ebpf/loader.go:213","msg":"DEBUG SENDING TO CORRELATION","comm":"ps","pid":71532}
{"level":"info","ts":1774001284.7462564,"caller":"ebpf/loader.go:213","msg":"DEBUG SENDING TO CORRELATION","comm":"ps","pid":71532}
{"level":"info","ts":1774001284.7462668,"caller":"ebpf/loader.go:213","msg":"DEBUG SENDING TO CORRELATION","comm":"ps","pid":71532}
{"level":"info","ts":1774001284.7462838,"caller":"ebpf/loader.go:213","msg":"DEBUG SENDING TO CORRELATION","comm":"ps","pid":71532}
{"level":"info","ts":1774001285.413854,"caller":"ebpf/loader.go:213","msg":"DEBUG SENDING TO CORRELATION","comm":"bash","pid":13257}
{"level":"info","ts":1774001285.4139113,"caller":"ebpf/loader.go:213","msg":"DEBUG SENDING TO CORRELATION","comm":"bash","pid":13257}
{"level":"info","ts":1774001285.4149373,"caller":"ebpf/loader.go:213","msg":"DEBUG SENDING TO CORRELATION","comm":"bash","pid":71535}
{"level":"info","ts":1774001285.414973,"caller":"ebpf/loader.go:213","msg":"DEBUG SENDING TO CORRELATION","comm":"bash","pid":71534}
{"level":"info","ts":1774001285.4149985,"caller":"ebpf/loader.go:213","msg":"DEBUG SENDING TO CORRELATION","comm":"bash","pid":71534}
{"level":"info","ts":1774001285.4150255,"caller":"ebpf/loader.go:213","msg":"DEBUG SENDING TO CORRELATION","comm":"bash","pid":71535}
{"level":"info","ts":1774001285.4153807,"caller":"ebpf/loader.go:213","msg":"DEBUG SENDING TO CORRELATION","comm":"sudo","pid":71535}
{"level":"info","ts":1774001285.41691,"caller":"ebpf/loader.go:213","msg":"DEBUG SENDING TO CORRELATION","comm":"sudo","pid":71535}
{"level":"info","ts":1774001285.4169407,"caller":"ebpf/loader.go:213","msg":"DEBUG SENDING TO CORRELATION","comm":"sudo","pid":71535}
{"level":"info","ts":1774001285.4169526,"caller":"ebpf/loader.go:213","msg":"DEBUG SENDING TO CORRELATION","comm":"sudo","pid":71535}
{"level":"info","ts":1774001285.4169745,"caller":"ebpf/loader.go:213","msg":"DEBUG SENDING TO CORRELATION","comm":"sudo","pid":71535}
{"level":"info","ts":1774001285.4169881,"caller":"ebpf/loader.go:213","msg":"DEBUG SENDING TO CORRELATION","comm":"sudo","pid":71535}
{"level":"info","ts":1774001285.416998,"caller":"ebpf/loader.go:213","msg":"DEBUG SENDING TO CORRELATION","comm":"sudo","pid":71535}
{"level":"info","ts":1774001285.4170132,"caller":"ebpf/loader.go:213","msg":"DEBUG SENDING TO CORRELATION","comm":"sudo","pid":71535}
{"level":"info","ts":1774001285.417024,"caller":"ebpf/loader.go:213","msg":"DEBUG SENDING TO CORRELATION","comm":"sudo","pid":71535}
{"level":"info","ts":1774001285.417576,"caller":"ebpf/loader.go:213","msg":"DEBUG SENDING TO CORRELATION","comm":"sudo","pid":71535}
{"level":"info","ts":1774001285.417822,"caller":"ebpf/loader.go:213","msg":"DEBUG SENDING TO CORRELATION","comm":"sudo","pid":71535}
{"level":"info","ts":1774001285.4178512,"caller":"ebpf/loader.go:213","msg":"DEBUG SENDING TO CORRELATION","comm":"sudo","pid":71535}
{"level":"info","ts":1774001285.41786,"caller":"ebpf/loader.go:213","msg":"DEBUG SENDING TO CORRELATION","comm":"sudo","pid":71535}
{"level":"info","ts":1774001285.4178696,"caller":"ebpf/loader.go:213","msg":"DEBUG SENDING TO CORRELATION","comm":"sudo","pid":71535}
{"level":"info","ts":1774001285.4178772,"caller":"ebpf/loader.go:213","msg":"DEBUG SENDING TO CORRELATION","comm":"sudo","pid":71535}
{"level":"info","ts":1774001285.4178846,"caller":"ebpf/loader.go:213","msg":"DEBUG SENDING TO CORRELATION","comm":"sudo","pid":71535}
{"level":"info","ts":1774001285.4179056,"caller":"ebpf/loader.go:213","msg":"DEBUG SENDING TO CORRELATION","comm":"sudo","pid":71535}
{"level":"info","ts":1774001285.417918,"caller":"ebpf/loader.go:213","msg":"DEBUG SENDING TO CORRELATION","comm":"sudo","pid":71535}
{"level":"info","ts":1774001285.417931,"caller":"ebpf/loader.go:213","msg":"DEBUG SENDING TO CORRELATION","comm":"sudo","pid":71535}
{"level":"info","ts":1774001285.4179444,"caller":"ebpf/loader.go:213","msg":"DEBUG SENDING TO CORRELATION","comm":"sudo","pid":71535}
{"level":"info","ts":1774001285.4179652,"caller":"ebpf/loader.go:213","msg":"DEBUG SENDING TO CORRELATION","comm":"sudo","pid":71535}
{"level":"info","ts":1774001285.4179778,"caller":"ebpf/loader.go:213","msg":"DEBUG SENDING TO CORRELATION","comm":"sudo","pid":71535}
{"level":"info","ts":1774001285.4189022,"caller":"ebpf/loader.go:213","msg":"DEBUG SENDING TO CORRELATION","comm":"sudo","pid":71535}
{"level":"info","ts":1774001285.4189224,"caller":"ebpf/loader.go:213","msg":"DEBUG SENDING TO CORRELATION","comm":"sudo","pid":71535}
{"level":"info","ts":1774001285.4190278,"caller":"ebpf/loader.go:213","msg":"DEBUG SENDING TO CORRELATION","comm":"sudo","pid":71535}
{"level":"info","ts":1774001285.4190497,"caller":"ebpf/loader.go:213","msg":"DEBUG SENDING TO CORRELATION","comm":"sudo","pid":71535}
{"level":"info","ts":1774001285.4190576,"caller":"ebpf/loader.go:213","msg":"DEBUG SENDING TO CORRELATION","comm":"sudo","pid":71535}
{"level":"info","ts":1774001285.419066,"caller":"ebpf/loader.go:213","msg":"DEBUG SENDING TO CORRELATION","comm":"sudo","pid":71535}
{"level":"info","ts":1774001285.4190788,"caller":"ebpf/loader.go:213","msg":"DEBUG SENDING TO CORRELATION","comm":"sudo","pid":71535}
{"level":"info","ts":1774001285.4191751,"caller":"ebpf/loader.go:213","msg":"DEBUG SENDING TO CORRELATION","comm":"sudo","pid":71535}
{"level":"info","ts":1774001285.4194443,"caller":"ebpf/loader.go:213","msg":"DEBUG SENDING TO CORRELATION","comm":"sudo","pid":71535}
{"level":"info","ts":1774001285.4194639,"caller":"ebpf/loader.go:213","msg":"DEBUG SENDING TO CORRELATION","comm":"sudo","pid":71535}
{"level":"info","ts":1774001285.4195845,"caller":"ebpf/loader.go:213","msg":"DEBUG SENDING TO CORRELATION","comm":"sudo","pid":71535}
{"level":"info","ts":1774001285.4196045,"caller":"ebpf/loader.go:213","msg":"DEBUG SENDING TO CORRELATION","comm":"sudo","pid":71535}
